2026-07-15 12:06:47 | INFO | ML | === RUN START ===
2026-07-15 12:06:47 | INFO | ML | project=ML
2026-07-15 12:06:47 | INFO | ML | repo_dir=CS44670-Module-3
2026-07-15 12:06:47 | INFO | ML | python=3.14.6
2026-07-15 12:06:47 | INFO | ML | os=Windows 11
2026-07-15 12:06:47 | INFO | ML | shell=powershell
2026-07-15 12:06:47 | INFO | ML | cwd=.
2026-07-15 12:06:47 | INFO | ML | github_actions=False
2026-07-15 12:06:47 | INFO | ML | === RUN START ===
2026-07-15 12:06:47 | INFO | ML | project=ML
2026-07-15 12:06:47 | INFO | ML | repo_dir=CS44670-Module-3
2026-07-15 12:06:47 | INFO | ML | python=3.14.6
2026-07-15 12:06:47 | INFO | ML | os=Windows 11
2026-07-15 12:06:47 | INFO | ML | shell=powershell
2026-07-15 12:06:47 | INFO | ML | cwd=.
2026-07-15 12:06:47 | INFO | ML | github_actions=False
2026-07-15 12:06:47 | INFO | ML | ========================
2026-07-15 12:06:47 | INFO | ML | START main()
2026-07-15 12:06:47 | INFO | ML | ========================
2026-07-15 12:06:47 | INFO | ML | Load dataset..............
2026-07-15 12:06:47 | INFO | ML | Loading dataset: hours_scores_case
2026-07-15 12:06:47 | INFO | ML | Loaded: 10 rows, 6 columns
2026-07-15 12:06:47 | DEBUG | ML | 
   hours_studied  practice_quizzes  attendance_pct  sleep_hours  prior_score  score
0            2.0                 1              72          6.0           58     62
1            3.5                 2              80          6.5           61     68
2            4.0                 3              85          7.0           64     72
3            5.0                 3              88          7.5           66     76
4            6.0                 4              90          7.0           70     81
2026-07-15 12:06:47 | INFO | ML | Inspect dataset...........
2026-07-15 12:06:47 | INFO | ML | Column names
2026-07-15 12:06:47 | DEBUG | ML | ['hours_studied', 'practice_quizzes', 'attendance_pct', 'sleep_hours', 'prior_score', 'score']
2026-07-15 12:06:47 | INFO | ML | DataFrame info
2026-07-15 12:06:47 | INFO | ML | Dataset shape: 10 rows, 6 columns
2026-07-15 12:06:47 | INFO | ML | Check data quality........
2026-07-15 12:06:47 | INFO | ML | Missing values by column
2026-07-15 12:06:47 | DEBUG | ML | 
hours_studied       0
practice_quizzes    0
attendance_pct      0
sleep_hours         0
prior_score         0
score               0
dtype: int64
2026-07-15 12:06:47 | INFO | ML | Duplicate row count: 0
2026-07-15 12:06:47 | INFO | ML | Create clean view.........
2026-07-15 12:06:47 | INFO | ML | Creating clean modeling view
2026-07-15 12:06:47 | INFO | ML | Clean view: 10 rows, 6 columns
2026-07-15 12:06:47 | INFO | ML | Train supervised model....
2026-07-15 12:06:47 | INFO | ML | Training LinearRegression model
2026-07-15 12:06:48 | INFO | ML | Mean absolute error: 0.48
2026-07-15 12:06:48 | INFO | ML | R-squared: 1.00
2026-07-15 12:06:48 | INFO | ML | Predict one case..........
2026-07-15 12:06:48 | INFO | ML | Predicting one new case
2026-07-15 12:06:48 | INFO | ML | New case:
   hours_studied  practice_quizzes  attendance_pct  sleep_hours  prior_score
0            6.5                 4              92          7.0           72
2026-07-15 12:06:48 | INFO | ML | Predicted score: 83.4
2026-07-15 12:06:48 | INFO | ML | Create charts.............
2026-07-15 12:06:48 | INFO | ML | Creating chart: hours studied vs score
2026-07-15 12:06:48 | INFO | ML | Creating chart: model coefficients
2026-07-15 12:06:48 | INFO | ML | Got a figure Figure(900x500) and axes Axes(0.125,0.11;0.775x0.77) from plt.subplots().
2026-07-15 12:06:48 | INFO | ML | Summarize workflow........
2026-07-15 12:06:48 | INFO | ML | ========================
2026-07-15 12:06:48 | INFO | ML | SUMMARY
2026-07-15 12:06:48 | INFO | ML | ========================
2026-07-15 12:06:48 | INFO | ML | Dataset: hours_scores_case
2026-07-15 12:06:48 | INFO | ML | Original rows: 10
2026-07-15 12:06:48 | INFO | ML | Clean rows: 10
2026-07-15 12:06:48 | INFO | ML | Features: ['hours_studied', 'practice_quizzes', 'attendance_pct', 'sleep_hours', 'prior_score']
2026-07-15 12:06:48 | INFO | ML | Target: score
2026-07-15 12:06:48 | INFO | ML | ----- in a script, call plt.show() once at the end to display all charts -----
2026-07-15 12:06:48 | INFO | ML | ----- in a script, CLOSE the chart windows with the close button to CONTINUE -----
2026-07-15 12:06:53 | INFO | ML | Workflow complete
2026-07-15 12:06:53 | INFO | ML | IMPORTANT: This script creates chart windows.
2026-07-15 12:06:53 | INFO | ML | Close chart windows and terminate this process with CTRL+c as needed.
2026-07-15 12:06:53 | INFO | ML | ========================
2026-07-15 12:06:53 | INFO | ML | Executed successfully!
2026-07-15 12:06:53 | INFO | ML | ========================
2026-07-15 12:07:41 | INFO | ML | === RUN START ===
2026-07-15 12:07:41 | INFO | ML | project=ML
2026-07-15 12:07:41 | INFO | ML | repo_dir=CS44670-Module-3
2026-07-15 12:07:41 | INFO | ML | python=3.14.6
2026-07-15 12:07:41 | INFO | ML | os=Windows 11
2026-07-15 12:07:41 | INFO | ML | shell=powershell
2026-07-15 12:07:41 | INFO | ML | cwd=.
2026-07-15 12:07:41 | INFO | ML | github_actions=False
2026-07-15 12:22:42 | INFO | M03 | === RUN START ===
2026-07-15 12:22:42 | INFO | M03 | project=M03
2026-07-15 12:22:42 | INFO | M03 | repo_dir=CS44670-Module-3
2026-07-15 12:22:42 | INFO | M03 | python=3.14.6
2026-07-15 12:22:42 | INFO | M03 | os=Windows 11
2026-07-15 12:22:42 | INFO | M03 | shell=powershell
2026-07-15 12:22:42 | INFO | M03 | cwd=notebooks
2026-07-15 12:22:42 | INFO | M03 | github_actions=False
2026-07-15 12:22:42 | INFO | M03 | Confirming installation:
2026-07-15 12:22:42 | INFO | M03 |   python:       3.14.6
2026-07-15 12:22:42 | INFO | M03 |   pandas:       3.0.3
2026-07-15 12:22:42 | INFO | M03 |   numpy:        2.5.1
2026-07-15 12:22:42 | INFO | M03 |   scikit-learn: 1.9.0
2026-07-15 12:22:42 | INFO | M03 |   seaborn:      0.13.2
2026-07-15 12:22:42 | INFO | M03 |   matplotlib:   3.11.0
2026-07-15 12:22:44 | INFO | M03 | === RUN START ===
2026-07-15 12:22:44 | INFO | M03 | project=M03
2026-07-15 12:22:44 | INFO | M03 | repo_dir=CS44670-Module-3
2026-07-15 12:22:44 | INFO | M03 | python=3.14.6
2026-07-15 12:22:44 | INFO | M03 | os=Windows 11
2026-07-15 12:22:44 | INFO | M03 | shell=powershell
2026-07-15 12:22:44 | INFO | M03 | cwd=notebooks
2026-07-15 12:22:44 | INFO | M03 | github_actions=False
2026-07-15 12:22:44 | INFO | M03 | Confirming installation:
2026-07-15 12:22:44 | INFO | M03 |   python:       3.14.6
2026-07-15 12:22:44 | INFO | M03 |   pandas:       3.0.3
2026-07-15 12:22:44 | INFO | M03 |   numpy:        2.5.1
2026-07-15 12:22:44 | INFO | M03 |   scikit-learn: 1.9.0
2026-07-15 12:22:44 | INFO | M03 |   seaborn:      0.13.2
2026-07-15 12:22:44 | INFO | M03 |   matplotlib:   3.11.0
2026-07-15 12:22:44 | INFO | M03 | Loading dataset: penguins
2026-07-15 12:22:44 | INFO | M03 | Loaded: 344 rows (instances), 7 columns
2026-07-15 12:22:44 | INFO | M03 | Original rows: 344
2026-07-15 12:22:44 | INFO | M03 | Model rows:    342
2026-07-15 12:22:44 | INFO | M03 | Classes in target 'species': ['Adelie', 'Chinstrap', 'Gentoo']
2026-07-15 12:22:44 | DEBUG | M03 | Class counts:
species
Adelie       151
Gentoo       123
Chinstrap     68
Name: count, dtype: int64
2026-07-15 12:22:44 | INFO | M03 | Train instances: 273
2026-07-15 12:22:44 | INFO | M03 | Test instances: 69
2026-07-15 12:22:44 | INFO | M03 | Fitting DecisionTreeClassifier(max_depth=3)
2026-07-15 12:22:44 | INFO | M03 | Test accuracy: 0.986
2026-07-15 12:22:44 | INFO | M03 | Per-class precision / recall / F1:
2026-07-15 12:22:44 | DEBUG | M03 | 
              precision    recall  f1-score   support

      Adelie       0.97      1.00      0.98        30
   Chinstrap       1.00      0.93      0.96        14
      Gentoo       1.00      1.00      1.00        25

    accuracy                           0.99        69
   macro avg       0.99      0.98      0.98        69
weighted avg       0.99      0.99      0.99        69

2026-07-15 12:22:44 | INFO | M03 | Showing confusion matrix (rows = actual, cols = predicted)
2026-07-15 12:22:44 | DEBUG | M03 |   depth= 1  train=0.791  test=0.797
2026-07-15 12:22:44 | DEBUG | M03 |   depth= 2  train=0.960  test=0.986
2026-07-15 12:22:44 | DEBUG | M03 |   depth= 3  train=0.967  test=0.986
2026-07-15 12:22:44 | DEBUG | M03 |   depth= 4  train=0.989  test=1.000
2026-07-15 12:22:44 | DEBUG | M03 |   depth= 5  train=0.996  test=1.000
2026-07-15 12:22:44 | DEBUG | M03 |   depth= 6  train=0.996  test=1.000
2026-07-15 12:22:44 | DEBUG | M03 |   depth= 7  train=1.000  test=1.000
2026-07-15 12:22:45 | DEBUG | M03 |   depth= 8  train=1.000  test=1.000
2026-07-15 12:22:45 | DEBUG | M03 |   depth= 9  train=1.000  test=1.000
2026-07-15 12:22:45 | DEBUG | M03 |   depth=10  train=1.000  test=1.000
2026-07-15 12:22:45 | DEBUG | M03 |   depth=11  train=1.000  test=1.000
2026-07-15 12:22:45 | DEBUG | M03 |   depth=12  train=1.000  test=1.000
2026-07-15 12:22:45 | INFO | M03 | ========================
2026-07-15 12:22:45 | INFO | M03 | SUMMARY
2026-07-15 12:22:45 | INFO | M03 | ========================
2026-07-15 12:22:45 | INFO | M03 | Dataset:   penguins
2026-07-15 12:22:45 | INFO | M03 | Target:    species  (classification)
2026-07-15 12:22:45 | INFO | M03 | Features:  ['bill_length_mm', 'bill_depth_mm', 'flipper_length_mm', 'body_mass_g']
2026-07-15 12:22:45 | INFO | M03 | Model:     DecisionTreeClassifier(max_depth=3)
2026-07-15 12:22:45 | INFO | M03 | ========================
2026-07-15 15:35:54 | INFO | M03 | === RUN START ===
2026-07-15 15:35:54 | INFO | M03 | project=M03
2026-07-15 15:35:54 | INFO | M03 | repo_dir=CS44670-Module-3
2026-07-15 15:35:54 | INFO | M03 | python=3.14.6
2026-07-15 15:35:54 | INFO | M03 | os=Windows 11
2026-07-15 15:35:54 | INFO | M03 | shell=powershell
2026-07-15 15:35:54 | INFO | M03 | cwd=notebooks
2026-07-15 15:35:54 | INFO | M03 | github_actions=False
2026-07-15 15:35:54 | INFO | M03 | Confirming installation:
2026-07-15 15:35:54 | INFO | M03 |   python:       3.14.6
2026-07-15 15:35:54 | INFO | M03 |   pandas:       3.0.3
2026-07-15 15:35:54 | INFO | M03 |   numpy:        2.5.1
2026-07-15 15:35:54 | INFO | M03 |   scikit-learn: 1.9.0
2026-07-15 15:35:54 | INFO | M03 |   seaborn:      0.13.2
2026-07-15 15:35:54 | INFO | M03 |   matplotlib:   3.11.0
2026-07-15 15:35:54 | INFO | M03 | Loading dataset: penguins
2026-07-15 15:35:54 | INFO | M03 | Loaded: 344 rows (instances), 7 columns
2026-07-15 15:35:54 | INFO | M03 | Original rows: 344
2026-07-15 15:35:54 | INFO | M03 | Model rows:    342
2026-07-15 15:35:54 | INFO | M03 | Classes in target 'species': ['Adelie', 'Chinstrap', 'Gentoo']
2026-07-15 15:35:54 | DEBUG | M03 | Class counts:
species
Adelie       151
Gentoo       123
Chinstrap     68
Name: count, dtype: int64
2026-07-15 15:35:54 | INFO | M03 | Train instances: 273
2026-07-15 15:35:54 | INFO | M03 | Test instances: 69
2026-07-15 15:35:54 | INFO | M03 | Fitting DecisionTreeClassifier(max_depth=3)
2026-07-15 15:35:54 | INFO | M03 | Test accuracy: 0.986
2026-07-15 15:35:54 | INFO | M03 | Per-class precision / recall / F1:
2026-07-15 15:35:54 | DEBUG | M03 | 
              precision    recall  f1-score   support

      Adelie       0.97      1.00      0.98        30
   Chinstrap       1.00      0.93      0.96        14
      Gentoo       1.00      1.00      1.00        25

    accuracy                           0.99        69
   macro avg       0.99      0.98      0.98        69
weighted avg       0.99      0.99      0.99        69

2026-07-15 15:35:54 | INFO | M03 | Showing confusion matrix (rows = actual, cols = predicted)
2026-07-15 15:35:55 | DEBUG | M03 |   depth= 1  train=0.791  test=0.797
2026-07-15 15:35:55 | DEBUG | M03 |   depth= 2  train=0.960  test=0.986
2026-07-15 15:35:55 | DEBUG | M03 |   depth= 3  train=0.967  test=0.986
2026-07-15 15:35:55 | DEBUG | M03 |   depth= 4  train=0.989  test=1.000
2026-07-15 15:35:55 | DEBUG | M03 |   depth= 5  train=0.996  test=1.000
2026-07-15 15:35:55 | DEBUG | M03 |   depth= 6  train=0.996  test=1.000
2026-07-15 15:35:55 | DEBUG | M03 |   depth= 7  train=1.000  test=1.000
2026-07-15 15:35:55 | DEBUG | M03 |   depth= 8  train=1.000  test=1.000
2026-07-15 15:35:55 | DEBUG | M03 |   depth= 9  train=1.000  test=1.000
2026-07-15 15:35:55 | DEBUG | M03 |   depth=10  train=1.000  test=1.000
2026-07-15 15:35:55 | DEBUG | M03 |   depth=11  train=1.000  test=1.000
2026-07-15 15:35:55 | DEBUG | M03 |   depth=12  train=1.000  test=1.000
2026-07-15 15:35:55 | INFO | M03 | ========================
2026-07-15 15:35:55 | INFO | M03 | SUMMARY
2026-07-15 15:35:55 | INFO | M03 | ========================
2026-07-15 15:35:55 | INFO | M03 | Dataset:   penguins
2026-07-15 15:35:55 | INFO | M03 | Target:    species  (classification)
2026-07-15 15:35:55 | INFO | M03 | Features:  ['bill_length_mm', 'bill_depth_mm', 'flipper_length_mm', 'body_mass_g']
2026-07-15 15:35:55 | INFO | M03 | Model:     DecisionTreeClassifier(max_depth=3)
2026-07-15 15:35:55 | INFO | M03 | ========================
2026-07-15 15:36:02 | INFO | M03 | === RUN START ===
2026-07-15 15:36:02 | INFO | M03 | project=M03
2026-07-15 15:36:02 | INFO | M03 | repo_dir=CS44670-Module-3
2026-07-15 15:36:02 | INFO | M03 | python=3.14.6
2026-07-15 15:36:02 | INFO | M03 | os=Windows 11
2026-07-15 15:36:02 | INFO | M03 | shell=powershell
2026-07-15 15:36:02 | INFO | M03 | cwd=notebooks
2026-07-15 15:36:02 | INFO | M03 | github_actions=False
2026-07-15 15:36:02 | INFO | M03 | Confirming installation:
2026-07-15 15:36:02 | INFO | M03 |   python:       3.14.6
2026-07-15 15:36:02 | INFO | M03 |   pandas:       3.0.3
2026-07-15 15:36:02 | INFO | M03 |   numpy:        2.5.1
2026-07-15 15:36:02 | INFO | M03 |   scikit-learn: 1.9.0
2026-07-15 15:36:02 | INFO | M03 |   seaborn:      0.13.2
2026-07-15 15:36:02 | INFO | M03 |   matplotlib:   3.11.0
2026-07-15 15:36:02 | INFO | M03 | Loading dataset: penguins
2026-07-15 15:36:02 | INFO | M03 | Loaded: 344 rows (instances), 7 columns
2026-07-15 15:36:02 | INFO | M03 | Original rows: 344
2026-07-15 15:36:02 | INFO | M03 | Model rows:    342
2026-07-15 15:36:02 | INFO | M03 | Classes in target 'species': ['Adelie', 'Chinstrap', 'Gentoo']
2026-07-15 15:36:02 | DEBUG | M03 | Class counts:
species
Adelie       151
Gentoo       123
Chinstrap     68
Name: count, dtype: int64
2026-07-15 15:36:02 | INFO | M03 | Train instances: 273
2026-07-15 15:36:02 | INFO | M03 | Test instances: 69
2026-07-15 15:36:02 | INFO | M03 | Fitting DecisionTreeClassifier(max_depth=3)
2026-07-15 15:36:02 | INFO | M03 | Test accuracy: 0.986
2026-07-15 15:36:02 | INFO | M03 | Per-class precision / recall / F1:
2026-07-15 15:36:02 | DEBUG | M03 | 
              precision    recall  f1-score   support

      Adelie       0.97      1.00      0.98        30
   Chinstrap       1.00      0.93      0.96        14
      Gentoo       1.00      1.00      1.00        25

    accuracy                           0.99        69
   macro avg       0.99      0.98      0.98        69
weighted avg       0.99      0.99      0.99        69

2026-07-15 15:36:02 | INFO | M03 | Showing confusion matrix (rows = actual, cols = predicted)
2026-07-15 15:36:02 | DEBUG | M03 |   depth= 1  train=0.791  test=0.797
2026-07-15 15:36:02 | DEBUG | M03 |   depth= 2  train=0.960  test=0.986
2026-07-15 15:36:02 | DEBUG | M03 |   depth= 3  train=0.967  test=0.986
2026-07-15 15:36:02 | DEBUG | M03 |   depth= 4  train=0.989  test=1.000
2026-07-15 15:36:02 | DEBUG | M03 |   depth= 5  train=0.996  test=1.000
2026-07-15 15:36:02 | DEBUG | M03 |   depth= 6  train=0.996  test=1.000
2026-07-15 15:36:02 | DEBUG | M03 |   depth= 7  train=1.000  test=1.000
2026-07-15 15:36:02 | DEBUG | M03 |   depth= 8  train=1.000  test=1.000
2026-07-15 15:36:02 | DEBUG | M03 |   depth= 9  train=1.000  test=1.000
2026-07-15 15:36:02 | DEBUG | M03 |   depth=10  train=1.000  test=1.000
2026-07-15 15:36:02 | DEBUG | M03 |   depth=11  train=1.000  test=1.000
2026-07-15 15:36:02 | DEBUG | M03 |   depth=12  train=1.000  test=1.000
2026-07-15 15:36:02 | INFO | M03 | ========================
2026-07-15 15:36:02 | INFO | M03 | SUMMARY
2026-07-15 15:36:02 | INFO | M03 | ========================
2026-07-15 15:36:02 | INFO | M03 | Dataset:   penguins
2026-07-15 15:36:02 | INFO | M03 | Target:    species  (classification)
2026-07-15 15:36:02 | INFO | M03 | Features:  ['bill_length_mm', 'bill_depth_mm', 'flipper_length_mm', 'body_mass_g']
2026-07-15 15:36:02 | INFO | M03 | Model:     DecisionTreeClassifier(max_depth=3)
2026-07-15 15:36:02 | INFO | M03 | ========================
2026-07-20 13:26:11 | INFO | M03 | === RUN START ===
2026-07-20 13:26:11 | INFO | M03 | project=M03
2026-07-20 13:26:11 | INFO | M03 | repo_dir=CS44670-Module-3
2026-07-20 13:26:11 | INFO | M03 | python=3.14.6
2026-07-20 13:26:11 | INFO | M03 | os=Windows 11
2026-07-20 13:26:11 | INFO | M03 | shell=powershell
2026-07-20 13:26:11 | INFO | M03 | cwd=notebooks
2026-07-20 13:26:11 | INFO | M03 | github_actions=False
2026-07-20 13:26:11 | INFO | M03 | Confirming installation:
2026-07-20 13:26:11 | INFO | M03 |   python:       3.14.6
2026-07-20 13:26:11 | INFO | M03 |   pandas:       3.0.3
2026-07-20 13:26:11 | INFO | M03 |   numpy:        2.5.1
2026-07-20 13:26:11 | INFO | M03 |   scikit-learn: 1.9.0
2026-07-20 13:26:11 | INFO | M03 |   seaborn:      0.13.2
2026-07-20 13:26:11 | INFO | M03 |   matplotlib:   3.11.0
2026-07-20 13:26:11 | INFO | M03 | Loading dataset: penguins
2026-07-20 13:26:11 | INFO | M03 | Loaded: 344 rows (instances), 7 columns
2026-07-20 13:26:11 | INFO | M03 | Original rows: 344
2026-07-20 13:26:11 | INFO | M03 | Model rows:    342
2026-07-20 13:26:11 | INFO | M03 | Classes in target 'species': ['Adelie', 'Chinstrap', 'Gentoo']
2026-07-20 13:26:11 | DEBUG | M03 | Class counts:
species
Adelie       151
Gentoo       123
Chinstrap     68
Name: count, dtype: int64
2026-07-20 13:26:11 | INFO | M03 | Train instances: 273
2026-07-20 13:26:11 | INFO | M03 | Test instances: 69
2026-07-20 13:26:11 | INFO | M03 | Fitting DecisionTreeClassifier(max_depth=6)
2026-07-20 13:26:11 | INFO | M03 | Test accuracy: 1.000
2026-07-20 13:26:11 | INFO | M03 | Per-class precision / recall / F1:
2026-07-20 13:26:11 | DEBUG | M03 | 
              precision    recall  f1-score   support

      Adelie       1.00      1.00      1.00        30
   Chinstrap       1.00      1.00      1.00        14
      Gentoo       1.00      1.00      1.00        25

    accuracy                           1.00        69
   macro avg       1.00      1.00      1.00        69
weighted avg       1.00      1.00      1.00        69

2026-07-20 13:26:11 | INFO | M03 | Showing confusion matrix (rows = actual, cols = predicted)
2026-07-20 13:26:11 | DEBUG | M03 |   depth= 1  train=0.791  test=0.797
2026-07-20 13:26:11 | DEBUG | M03 |   depth= 2  train=0.960  test=0.986
2026-07-20 13:26:11 | DEBUG | M03 |   depth= 3  train=0.967  test=0.986
2026-07-20 13:26:11 | DEBUG | M03 |   depth= 4  train=0.989  test=1.000
2026-07-20 13:26:11 | DEBUG | M03 |   depth= 5  train=0.996  test=1.000
2026-07-20 13:26:11 | DEBUG | M03 |   depth= 6  train=0.996  test=1.000
2026-07-20 13:26:11 | DEBUG | M03 |   depth= 7  train=1.000  test=1.000
2026-07-20 13:26:11 | DEBUG | M03 |   depth= 8  train=1.000  test=1.000
2026-07-20 13:26:11 | DEBUG | M03 |   depth= 9  train=1.000  test=1.000
2026-07-20 13:26:11 | DEBUG | M03 |   depth=10  train=1.000  test=1.000
2026-07-20 13:26:11 | DEBUG | M03 |   depth=11  train=1.000  test=1.000
2026-07-20 13:26:11 | DEBUG | M03 |   depth=12  train=1.000  test=1.000
2026-07-20 13:26:12 | INFO | M03 | ========================
2026-07-20 13:26:12 | INFO | M03 | SUMMARY
2026-07-20 13:26:12 | INFO | M03 | ========================
2026-07-20 13:26:12 | INFO | M03 | Dataset:   penguins
2026-07-20 13:26:12 | INFO | M03 | Target:    species  (classification)
2026-07-20 13:26:12 | INFO | M03 | Features:  ['bill_length_mm', 'bill_depth_mm', 'flipper_length_mm', 'body_mass_g']
2026-07-20 13:26:12 | INFO | M03 | Model:     DecisionTreeClassifier(max_depth=6)
2026-07-20 13:26:12 | INFO | M03 | ========================
2026-07-20 13:27:14 | INFO | M03 | Fitting DecisionTreeClassifier(max_depth=3)
2026-07-20 13:27:16 | INFO | M03 | Test accuracy: 0.986
2026-07-20 13:27:16 | INFO | M03 | Per-class precision / recall / F1:
2026-07-20 13:27:16 | DEBUG | M03 | 
              precision    recall  f1-score   support

      Adelie       0.97      1.00      0.98        30
   Chinstrap       1.00      0.93      0.96        14
      Gentoo       1.00      1.00      1.00        25

    accuracy                           0.99        69
   macro avg       0.99      0.98      0.98        69
weighted avg       0.99      0.99      0.99        69

2026-07-20 13:27:16 | INFO | M03 | Showing confusion matrix (rows = actual, cols = predicted)
2026-07-20 13:27:42 | INFO | M03 | Fitting DecisionTreeClassifier(max_depth=4)
2026-07-20 13:27:44 | INFO | M03 | Test accuracy: 1.000
2026-07-20 13:27:44 | INFO | M03 | Per-class precision / recall / F1:
2026-07-20 13:27:44 | DEBUG | M03 | 
              precision    recall  f1-score   support

      Adelie       1.00      1.00      1.00        30
   Chinstrap       1.00      1.00      1.00        14
      Gentoo       1.00      1.00      1.00        25

    accuracy                           1.00        69
   macro avg       1.00      1.00      1.00        69
weighted avg       1.00      1.00      1.00        69

2026-07-20 13:27:44 | INFO | M03 | Showing confusion matrix (rows = actual, cols = predicted)
2026-07-20 13:28:06 | INFO | M03 | === RUN START ===
2026-07-20 13:28:06 | INFO | M03 | project=M03
2026-07-20 13:28:06 | INFO | M03 | repo_dir=CS44670-Module-3
2026-07-20 13:28:06 | INFO | M03 | python=3.14.6
2026-07-20 13:28:06 | INFO | M03 | os=Windows 11
2026-07-20 13:28:06 | INFO | M03 | shell=powershell
2026-07-20 13:28:06 | INFO | M03 | cwd=notebooks
2026-07-20 13:28:06 | INFO | M03 | github_actions=False
2026-07-20 13:28:06 | INFO | M03 | Confirming installation:
2026-07-20 13:28:06 | INFO | M03 |   python:       3.14.6
2026-07-20 13:28:06 | INFO | M03 |   pandas:       3.0.3
2026-07-20 13:28:06 | INFO | M03 |   numpy:        2.5.1
2026-07-20 13:28:06 | INFO | M03 |   scikit-learn: 1.9.0
2026-07-20 13:28:06 | INFO | M03 |   seaborn:      0.13.2
2026-07-20 13:28:06 | INFO | M03 |   matplotlib:   3.11.0
2026-07-20 13:28:06 | INFO | M03 | Loading dataset: penguins
2026-07-20 13:28:06 | INFO | M03 | Loaded: 344 rows (instances), 7 columns
2026-07-20 13:28:06 | INFO | M03 | Original rows: 344
2026-07-20 13:28:06 | INFO | M03 | Model rows:    342
2026-07-20 13:28:06 | INFO | M03 | Classes in target 'species': ['Adelie', 'Chinstrap', 'Gentoo']
2026-07-20 13:28:06 | DEBUG | M03 | Class counts:
species
Adelie       151
Gentoo       123
Chinstrap     68
Name: count, dtype: int64
2026-07-20 13:28:06 | INFO | M03 | Train instances: 273
2026-07-20 13:28:06 | INFO | M03 | Test instances: 69
2026-07-20 13:28:06 | INFO | M03 | Fitting DecisionTreeClassifier(max_depth=4)
2026-07-20 13:28:06 | INFO | M03 | Test accuracy: 0.957
2026-07-20 13:28:06 | INFO | M03 | Per-class precision / recall / F1:
2026-07-20 13:28:06 | DEBUG | M03 | 
              precision    recall  f1-score   support

      Adelie       0.97      0.93      0.95        30
   Chinstrap       0.88      1.00      0.93        14
      Gentoo       1.00      0.96      0.98        25

    accuracy                           0.96        69
   macro avg       0.95      0.96      0.95        69
weighted avg       0.96      0.96      0.96        69

2026-07-20 13:28:06 | INFO | M03 | Showing confusion matrix (rows = actual, cols = predicted)
2026-07-20 13:28:06 | DEBUG | M03 |   depth= 1  train=0.795  test=0.768
2026-07-20 13:28:06 | DEBUG | M03 |   depth= 2  train=0.967  test=0.913
2026-07-20 13:28:06 | DEBUG | M03 |   depth= 3  train=0.971  test=0.928
2026-07-20 13:28:06 | DEBUG | M03 |   depth= 4  train=0.989  test=0.957
2026-07-20 13:28:06 | DEBUG | M03 |   depth= 5  train=0.996  test=0.957
2026-07-20 13:28:06 | DEBUG | M03 |   depth= 6  train=0.996  test=0.957
2026-07-20 13:28:06 | DEBUG | M03 |   depth= 7  train=1.000  test=0.942
2026-07-20 13:28:06 | DEBUG | M03 |   depth= 8  train=1.000  test=0.942
2026-07-20 13:28:06 | DEBUG | M03 |   depth= 9  train=1.000  test=0.942
2026-07-20 13:28:06 | DEBUG | M03 |   depth=10  train=1.000  test=0.942
2026-07-20 13:28:06 | DEBUG | M03 |   depth=11  train=1.000  test=0.942
2026-07-20 13:28:06 | DEBUG | M03 |   depth=12  train=1.000  test=0.942
2026-07-20 13:28:06 | INFO | M03 | ========================
2026-07-20 13:28:06 | INFO | M03 | SUMMARY
2026-07-20 13:28:06 | INFO | M03 | ========================
2026-07-20 13:28:06 | INFO | M03 | Dataset:   penguins
2026-07-20 13:28:06 | INFO | M03 | Target:    species  (classification)
2026-07-20 13:28:06 | INFO | M03 | Features:  ['bill_length_mm', 'bill_depth_mm', 'flipper_length_mm', 'body_mass_g']
2026-07-20 13:28:06 | INFO | M03 | Model:     DecisionTreeClassifier(max_depth=4)
2026-07-20 13:28:06 | INFO | M03 | ========================
2026-07-20 13:28:25 | INFO | M03 | === RUN START ===
2026-07-20 13:28:25 | INFO | M03 | project=M03
2026-07-20 13:28:25 | INFO | M03 | repo_dir=CS44670-Module-3
2026-07-20 13:28:25 | INFO | M03 | python=3.14.6
2026-07-20 13:28:25 | INFO | M03 | os=Windows 11
2026-07-20 13:28:25 | INFO | M03 | shell=powershell
2026-07-20 13:28:25 | INFO | M03 | cwd=notebooks
2026-07-20 13:28:25 | INFO | M03 | github_actions=False
2026-07-20 13:28:25 | INFO | M03 | Confirming installation:
2026-07-20 13:28:25 | INFO | M03 |   python:       3.14.6
2026-07-20 13:28:25 | INFO | M03 |   pandas:       3.0.3
2026-07-20 13:28:25 | INFO | M03 |   numpy:        2.5.1
2026-07-20 13:28:25 | INFO | M03 |   scikit-learn: 1.9.0
2026-07-20 13:28:25 | INFO | M03 |   seaborn:      0.13.2
2026-07-20 13:28:25 | INFO | M03 |   matplotlib:   3.11.0
2026-07-20 13:28:25 | INFO | M03 | Loading dataset: penguins
2026-07-20 13:28:25 | INFO | M03 | Loaded: 344 rows (instances), 7 columns
2026-07-20 13:28:25 | INFO | M03 | Original rows: 344
2026-07-20 13:28:25 | INFO | M03 | Model rows:    342
2026-07-20 13:28:25 | INFO | M03 | Classes in target 'species': ['Adelie', 'Chinstrap', 'Gentoo']
2026-07-20 13:28:25 | DEBUG | M03 | Class counts:
species
Adelie       151
Gentoo       123
Chinstrap     68
Name: count, dtype: int64
2026-07-20 13:28:25 | INFO | M03 | Train instances: 273
2026-07-20 13:28:25 | INFO | M03 | Test instances: 69
2026-07-20 13:28:25 | INFO | M03 | Fitting DecisionTreeClassifier(max_depth=6)
2026-07-20 13:28:25 | INFO | M03 | Test accuracy: 0.957
2026-07-20 13:28:25 | INFO | M03 | Per-class precision / recall / F1:
2026-07-20 13:28:25 | DEBUG | M03 | 
              precision    recall  f1-score   support

      Adelie       1.00      0.90      0.95        30
   Chinstrap       0.88      1.00      0.93        14
      Gentoo       0.96      1.00      0.98        25

    accuracy                           0.96        69
   macro avg       0.95      0.97      0.95        69
weighted avg       0.96      0.96      0.96        69

2026-07-20 13:28:25 | INFO | M03 | Showing confusion matrix (rows = actual, cols = predicted)
2026-07-20 13:28:25 | DEBUG | M03 |   depth= 1  train=0.795  test=0.768
2026-07-20 13:28:25 | DEBUG | M03 |   depth= 2  train=0.967  test=0.913
2026-07-20 13:28:25 | DEBUG | M03 |   depth= 3  train=0.971  test=0.928
2026-07-20 13:28:25 | DEBUG | M03 |   depth= 4  train=0.989  test=0.957
2026-07-20 13:28:25 | DEBUG | M03 |   depth= 5  train=0.996  test=0.957
2026-07-20 13:28:25 | DEBUG | M03 |   depth= 6  train=0.996  test=0.957
2026-07-20 13:28:25 | DEBUG | M03 |   depth= 7  train=1.000  test=0.942
2026-07-20 13:28:25 | DEBUG | M03 |   depth= 8  train=1.000  test=0.942
2026-07-20 13:28:25 | DEBUG | M03 |   depth= 9  train=1.000  test=0.942
2026-07-20 13:28:25 | DEBUG | M03 |   depth=10  train=1.000  test=0.942
2026-07-20 13:28:25 | DEBUG | M03 |   depth=11  train=1.000  test=0.942
2026-07-20 13:28:25 | DEBUG | M03 |   depth=12  train=1.000  test=0.942
2026-07-20 13:28:25 | INFO | M03 | ========================
2026-07-20 13:28:25 | INFO | M03 | SUMMARY
2026-07-20 13:28:25 | INFO | M03 | ========================
2026-07-20 13:28:25 | INFO | M03 | Dataset:   penguins
2026-07-20 13:28:25 | INFO | M03 | Target:    species  (classification)
2026-07-20 13:28:25 | INFO | M03 | Features:  ['bill_length_mm', 'bill_depth_mm', 'flipper_length_mm', 'body_mass_g']
2026-07-20 13:28:25 | INFO | M03 | Model:     DecisionTreeClassifier(max_depth=6)
2026-07-20 13:28:25 | INFO | M03 | ========================
2026-07-20 13:28:36 | INFO | M03 | === RUN START ===
2026-07-20 13:28:36 | INFO | M03 | project=M03
2026-07-20 13:28:36 | INFO | M03 | repo_dir=CS44670-Module-3
2026-07-20 13:28:36 | INFO | M03 | python=3.14.6
2026-07-20 13:28:36 | INFO | M03 | os=Windows 11
2026-07-20 13:28:36 | INFO | M03 | shell=powershell
2026-07-20 13:28:36 | INFO | M03 | cwd=notebooks
2026-07-20 13:28:36 | INFO | M03 | github_actions=False
2026-07-20 13:28:36 | INFO | M03 | Confirming installation:
2026-07-20 13:28:36 | INFO | M03 |   python:       3.14.6
2026-07-20 13:28:36 | INFO | M03 |   pandas:       3.0.3
2026-07-20 13:28:36 | INFO | M03 |   numpy:        2.5.1
2026-07-20 13:28:36 | INFO | M03 |   scikit-learn: 1.9.0
2026-07-20 13:28:36 | INFO | M03 |   seaborn:      0.13.2
2026-07-20 13:28:36 | INFO | M03 |   matplotlib:   3.11.0
2026-07-20 13:28:36 | INFO | M03 | Loading dataset: penguins
2026-07-20 13:28:36 | INFO | M03 | Loaded: 344 rows (instances), 7 columns
2026-07-20 13:28:36 | INFO | M03 | Original rows: 344
2026-07-20 13:28:36 | INFO | M03 | Model rows:    342
2026-07-20 13:28:36 | INFO | M03 | Classes in target 'species': ['Adelie', 'Chinstrap', 'Gentoo']
2026-07-20 13:28:36 | DEBUG | M03 | Class counts:
species
Adelie       151
Gentoo       123
Chinstrap     68
Name: count, dtype: int64
2026-07-20 13:28:36 | INFO | M03 | Train instances: 273
2026-07-20 13:28:36 | INFO | M03 | Test instances: 69
2026-07-20 13:28:36 | INFO | M03 | Fitting DecisionTreeClassifier(max_depth=5)
2026-07-20 13:28:36 | INFO | M03 | Test accuracy: 0.957
2026-07-20 13:28:36 | INFO | M03 | Per-class precision / recall / F1:
2026-07-20 13:28:36 | DEBUG | M03 | 
              precision    recall  f1-score   support

      Adelie       1.00      0.90      0.95        30
   Chinstrap       0.88      1.00      0.93        14
      Gentoo       0.96      1.00      0.98        25

    accuracy                           0.96        69
   macro avg       0.95      0.97      0.95        69
weighted avg       0.96      0.96      0.96        69

2026-07-20 13:28:36 | INFO | M03 | Showing confusion matrix (rows = actual, cols = predicted)
2026-07-20 13:28:36 | DEBUG | M03 |   depth= 1  train=0.795  test=0.768
2026-07-20 13:28:36 | DEBUG | M03 |   depth= 2  train=0.967  test=0.913
2026-07-20 13:28:36 | DEBUG | M03 |   depth= 3  train=0.971  test=0.928
2026-07-20 13:28:36 | DEBUG | M03 |   depth= 4  train=0.989  test=0.957
2026-07-20 13:28:36 | DEBUG | M03 |   depth= 5  train=0.996  test=0.957
2026-07-20 13:28:36 | DEBUG | M03 |   depth= 6  train=0.996  test=0.957
2026-07-20 13:28:36 | DEBUG | M03 |   depth= 7  train=1.000  test=0.942
2026-07-20 13:28:36 | DEBUG | M03 |   depth= 8  train=1.000  test=0.942
2026-07-20 13:28:36 | DEBUG | M03 |   depth= 9  train=1.000  test=0.942
2026-07-20 13:28:36 | DEBUG | M03 |   depth=10  train=1.000  test=0.942
2026-07-20 13:28:36 | DEBUG | M03 |   depth=11  train=1.000  test=0.942
2026-07-20 13:28:36 | DEBUG | M03 |   depth=12  train=1.000  test=0.942
2026-07-20 13:28:36 | INFO | M03 | ========================
2026-07-20 13:28:36 | INFO | M03 | SUMMARY
2026-07-20 13:28:36 | INFO | M03 | ========================
2026-07-20 13:28:36 | INFO | M03 | Dataset:   penguins
2026-07-20 13:28:36 | INFO | M03 | Target:    species  (classification)
2026-07-20 13:28:36 | INFO | M03 | Features:  ['bill_length_mm', 'bill_depth_mm', 'flipper_length_mm', 'body_mass_g']
2026-07-20 13:28:36 | INFO | M03 | Model:     DecisionTreeClassifier(max_depth=5)
2026-07-20 13:28:36 | INFO | M03 | ========================
2026-07-20 13:28:45 | INFO | M03 | Fitting DecisionTreeClassifier(max_depth=8)
2026-07-20 13:29:02 | INFO | M03 | === RUN START ===
2026-07-20 13:29:02 | INFO | M03 | project=M03
2026-07-20 13:29:02 | INFO | M03 | repo_dir=CS44670-Module-3
2026-07-20 13:29:02 | INFO | M03 | python=3.14.6
2026-07-20 13:29:02 | INFO | M03 | os=Windows 11
2026-07-20 13:29:02 | INFO | M03 | shell=powershell
2026-07-20 13:29:02 | INFO | M03 | cwd=notebooks
2026-07-20 13:29:02 | INFO | M03 | github_actions=False
2026-07-20 13:29:02 | INFO | M03 | Confirming installation:
2026-07-20 13:29:02 | INFO | M03 |   python:       3.14.6
2026-07-20 13:29:02 | INFO | M03 |   pandas:       3.0.3
2026-07-20 13:29:02 | INFO | M03 |   numpy:        2.5.1
2026-07-20 13:29:02 | INFO | M03 |   scikit-learn: 1.9.0
2026-07-20 13:29:02 | INFO | M03 |   seaborn:      0.13.2
2026-07-20 13:29:02 | INFO | M03 |   matplotlib:   3.11.0
2026-07-20 13:29:02 | INFO | M03 | Loading dataset: penguins
2026-07-20 13:29:02 | INFO | M03 | Loaded: 344 rows (instances), 7 columns
2026-07-20 13:29:02 | INFO | M03 | Original rows: 344
2026-07-20 13:29:02 | INFO | M03 | Model rows:    342
2026-07-20 13:29:02 | INFO | M03 | Classes in target 'species': ['Adelie', 'Chinstrap', 'Gentoo']
2026-07-20 13:29:02 | DEBUG | M03 | Class counts:
species
Adelie       151
Gentoo       123
Chinstrap     68
Name: count, dtype: int64
2026-07-20 13:29:02 | INFO | M03 | Train instances: 273
2026-07-20 13:29:02 | INFO | M03 | Test instances: 69
2026-07-20 13:29:02 | INFO | M03 | Fitting DecisionTreeClassifier(max_depth=12)
2026-07-20 13:29:02 | INFO | M03 | Test accuracy: 0.942
2026-07-20 13:29:02 | INFO | M03 | Per-class precision / recall / F1:
2026-07-20 13:29:02 | DEBUG | M03 | 
              precision    recall  f1-score   support

      Adelie       1.00      0.87      0.93        30
   Chinstrap       0.82      1.00      0.90        14
      Gentoo       0.96      1.00      0.98        25

    accuracy                           0.94        69
   macro avg       0.93      0.96      0.94        69
weighted avg       0.95      0.94      0.94        69

2026-07-20 13:29:02 | INFO | M03 | Showing confusion matrix (rows = actual, cols = predicted)
2026-07-20 13:29:02 | DEBUG | M03 |   depth= 1  train=0.795  test=0.768
2026-07-20 13:29:02 | DEBUG | M03 |   depth= 2  train=0.967  test=0.913
2026-07-20 13:29:02 | DEBUG | M03 |   depth= 3  train=0.971  test=0.928
2026-07-20 13:29:02 | DEBUG | M03 |   depth= 4  train=0.989  test=0.957
2026-07-20 13:29:02 | DEBUG | M03 |   depth= 5  train=0.996  test=0.957
2026-07-20 13:29:02 | DEBUG | M03 |   depth= 6  train=0.996  test=0.957
2026-07-20 13:29:02 | DEBUG | M03 |   depth= 7  train=1.000  test=0.942
2026-07-20 13:29:02 | DEBUG | M03 |   depth= 8  train=1.000  test=0.942
2026-07-20 13:29:02 | DEBUG | M03 |   depth= 9  train=1.000  test=0.942
2026-07-20 13:29:02 | DEBUG | M03 |   depth=10  train=1.000  test=0.942
2026-07-20 13:29:02 | DEBUG | M03 |   depth=11  train=1.000  test=0.942
2026-07-20 13:29:02 | DEBUG | M03 |   depth=12  train=1.000  test=0.942
2026-07-20 13:29:02 | INFO | M03 | ========================
2026-07-20 13:29:02 | INFO | M03 | SUMMARY
2026-07-20 13:29:02 | INFO | M03 | ========================
2026-07-20 13:29:02 | INFO | M03 | Dataset:   penguins
2026-07-20 13:29:02 | INFO | M03 | Target:    species  (classification)
2026-07-20 13:29:02 | INFO | M03 | Features:  ['bill_length_mm', 'bill_depth_mm', 'flipper_length_mm', 'body_mass_g']
2026-07-20 13:29:02 | INFO | M03 | Model:     DecisionTreeClassifier(max_depth=12)
2026-07-20 13:29:02 | INFO | M03 | ========================
2026-07-20 13:29:19 | INFO | M03 | === RUN START ===
2026-07-20 13:29:19 | INFO | M03 | project=M03
2026-07-20 13:29:19 | INFO | M03 | repo_dir=CS44670-Module-3
2026-07-20 13:29:19 | INFO | M03 | python=3.14.6
2026-07-20 13:29:19 | INFO | M03 | os=Windows 11
2026-07-20 13:29:19 | INFO | M03 | shell=powershell
2026-07-20 13:29:19 | INFO | M03 | cwd=notebooks
2026-07-20 13:29:19 | INFO | M03 | github_actions=False
2026-07-20 13:29:19 | INFO | M03 | Confirming installation:
2026-07-20 13:29:19 | INFO | M03 |   python:       3.14.6
2026-07-20 13:29:19 | INFO | M03 |   pandas:       3.0.3
2026-07-20 13:29:19 | INFO | M03 |   numpy:        2.5.1
2026-07-20 13:29:19 | INFO | M03 |   scikit-learn: 1.9.0
2026-07-20 13:29:19 | INFO | M03 |   seaborn:      0.13.2
2026-07-20 13:29:19 | INFO | M03 |   matplotlib:   3.11.0
2026-07-20 13:29:19 | INFO | M03 | Loading dataset: penguins
2026-07-20 13:29:19 | INFO | M03 | Loaded: 344 rows (instances), 7 columns
2026-07-20 13:29:19 | INFO | M03 | Original rows: 344
2026-07-20 13:29:19 | INFO | M03 | Model rows:    342
2026-07-20 13:29:19 | INFO | M03 | Classes in target 'species': ['Adelie', 'Chinstrap', 'Gentoo']
2026-07-20 13:29:19 | DEBUG | M03 | Class counts:
species
Adelie       151
Gentoo       123
Chinstrap     68
Name: count, dtype: int64
2026-07-20 13:29:19 | INFO | M03 | Train instances: 273
2026-07-20 13:29:19 | INFO | M03 | Test instances: 69
2026-07-20 13:29:19 | INFO | M03 | Fitting DecisionTreeClassifier(max_depth=15)
2026-07-20 13:29:19 | INFO | M03 | Test accuracy: 0.942
2026-07-20 13:29:19 | INFO | M03 | Per-class precision / recall / F1:
2026-07-20 13:29:19 | DEBUG | M03 | 
              precision    recall  f1-score   support

      Adelie       1.00      0.87      0.93        30
   Chinstrap       0.82      1.00      0.90        14
      Gentoo       0.96      1.00      0.98        25

    accuracy                           0.94        69
   macro avg       0.93      0.96      0.94        69
weighted avg       0.95      0.94      0.94        69

2026-07-20 13:29:19 | INFO | M03 | Showing confusion matrix (rows = actual, cols = predicted)
2026-07-20 13:29:19 | DEBUG | M03 |   depth= 1  train=0.795  test=0.768
2026-07-20 13:29:19 | DEBUG | M03 |   depth= 2  train=0.967  test=0.913
2026-07-20 13:29:19 | DEBUG | M03 |   depth= 3  train=0.971  test=0.928
2026-07-20 13:29:19 | DEBUG | M03 |   depth= 4  train=0.989  test=0.957
2026-07-20 13:29:19 | DEBUG | M03 |   depth= 5  train=0.996  test=0.957
2026-07-20 13:29:19 | DEBUG | M03 |   depth= 6  train=0.996  test=0.957
2026-07-20 13:29:19 | DEBUG | M03 |   depth= 7  train=1.000  test=0.942
2026-07-20 13:29:19 | DEBUG | M03 |   depth= 8  train=1.000  test=0.942
2026-07-20 13:29:19 | DEBUG | M03 |   depth= 9  train=1.000  test=0.942
2026-07-20 13:29:19 | DEBUG | M03 |   depth=10  train=1.000  test=0.942
2026-07-20 13:29:19 | DEBUG | M03 |   depth=11  train=1.000  test=0.942
2026-07-20 13:29:20 | DEBUG | M03 |   depth=12  train=1.000  test=0.942
2026-07-20 13:29:20 | INFO | M03 | ========================
2026-07-20 13:29:20 | INFO | M03 | SUMMARY
2026-07-20 13:29:20 | INFO | M03 | ========================
2026-07-20 13:29:20 | INFO | M03 | Dataset:   penguins
2026-07-20 13:29:20 | INFO | M03 | Target:    species  (classification)
2026-07-20 13:29:20 | INFO | M03 | Features:  ['bill_length_mm', 'bill_depth_mm', 'flipper_length_mm', 'body_mass_g']
2026-07-20 13:29:20 | INFO | M03 | Model:     DecisionTreeClassifier(max_depth=15)
2026-07-20 13:29:20 | INFO | M03 | ========================
2026-07-20 13:29:37 | INFO | M03 | === RUN START ===
2026-07-20 13:29:37 | INFO | M03 | project=M03
2026-07-20 13:29:37 | INFO | M03 | repo_dir=CS44670-Module-3
2026-07-20 13:29:37 | INFO | M03 | python=3.14.6
2026-07-20 13:29:37 | INFO | M03 | os=Windows 11
2026-07-20 13:29:37 | INFO | M03 | shell=powershell
2026-07-20 13:29:37 | INFO | M03 | cwd=notebooks
2026-07-20 13:29:37 | INFO | M03 | github_actions=False
2026-07-20 13:29:37 | INFO | M03 | Confirming installation:
2026-07-20 13:29:37 | INFO | M03 |   python:       3.14.6
2026-07-20 13:29:37 | INFO | M03 |   pandas:       3.0.3
2026-07-20 13:29:37 | INFO | M03 |   numpy:        2.5.1
2026-07-20 13:29:37 | INFO | M03 |   scikit-learn: 1.9.0
2026-07-20 13:29:37 | INFO | M03 |   seaborn:      0.13.2
2026-07-20 13:29:37 | INFO | M03 |   matplotlib:   3.11.0
2026-07-20 13:29:37 | INFO | M03 | Loading dataset: penguins
2026-07-20 13:29:37 | INFO | M03 | Loaded: 344 rows (instances), 7 columns
2026-07-20 13:29:37 | INFO | M03 | Original rows: 344
2026-07-20 13:29:37 | INFO | M03 | Model rows:    342
2026-07-20 13:29:37 | INFO | M03 | Classes in target 'species': ['Adelie', 'Chinstrap', 'Gentoo']
2026-07-20 13:29:37 | DEBUG | M03 | Class counts:
species
Adelie       151
Gentoo       123
Chinstrap     68
Name: count, dtype: int64
2026-07-20 13:29:37 | INFO | M03 | Train instances: 273
2026-07-20 13:29:37 | INFO | M03 | Test instances: 69
2026-07-20 13:29:37 | INFO | M03 | Fitting DecisionTreeClassifier(max_depth=20)
2026-07-20 13:29:37 | INFO | M03 | Test accuracy: 0.942
2026-07-20 13:29:37 | INFO | M03 | Per-class precision / recall / F1:
2026-07-20 13:29:37 | DEBUG | M03 | 
              precision    recall  f1-score   support

      Adelie       1.00      0.87      0.93        30
   Chinstrap       0.82      1.00      0.90        14
      Gentoo       0.96      1.00      0.98        25

    accuracy                           0.94        69
   macro avg       0.93      0.96      0.94        69
weighted avg       0.95      0.94      0.94        69

2026-07-20 13:29:37 | INFO | M03 | Showing confusion matrix (rows = actual, cols = predicted)
2026-07-20 13:29:37 | DEBUG | M03 |   depth= 1  train=0.795  test=0.768
2026-07-20 13:29:37 | DEBUG | M03 |   depth= 2  train=0.967  test=0.913
2026-07-20 13:29:37 | DEBUG | M03 |   depth= 3  train=0.971  test=0.928
2026-07-20 13:29:37 | DEBUG | M03 |   depth= 4  train=0.989  test=0.957
2026-07-20 13:29:37 | DEBUG | M03 |   depth= 5  train=0.996  test=0.957
2026-07-20 13:29:37 | DEBUG | M03 |   depth= 6  train=0.996  test=0.957
2026-07-20 13:29:37 | DEBUG | M03 |   depth= 7  train=1.000  test=0.942
2026-07-20 13:29:37 | DEBUG | M03 |   depth= 8  train=1.000  test=0.942
2026-07-20 13:29:37 | DEBUG | M03 |   depth= 9  train=1.000  test=0.942
2026-07-20 13:29:37 | DEBUG | M03 |   depth=10  train=1.000  test=0.942
2026-07-20 13:29:37 | DEBUG | M03 |   depth=11  train=1.000  test=0.942
2026-07-20 13:29:37 | DEBUG | M03 |   depth=12  train=1.000  test=0.942
2026-07-20 13:29:37 | INFO | M03 | ========================
2026-07-20 13:29:37 | INFO | M03 | SUMMARY
2026-07-20 13:29:37 | INFO | M03 | ========================
2026-07-20 13:29:37 | INFO | M03 | Dataset:   penguins
2026-07-20 13:29:37 | INFO | M03 | Target:    species  (classification)
2026-07-20 13:29:37 | INFO | M03 | Features:  ['bill_length_mm', 'bill_depth_mm', 'flipper_length_mm', 'body_mass_g']
2026-07-20 13:29:37 | INFO | M03 | Model:     DecisionTreeClassifier(max_depth=20)
2026-07-20 13:29:37 | INFO | M03 | ========================
2026-07-20 13:30:07 | INFO | M03 | === RUN START ===
2026-07-20 13:30:07 | INFO | M03 | project=M03
2026-07-20 13:30:07 | INFO | M03 | repo_dir=CS44670-Module-3
2026-07-20 13:30:07 | INFO | M03 | python=3.14.6
2026-07-20 13:30:07 | INFO | M03 | os=Windows 11
2026-07-20 13:30:07 | INFO | M03 | shell=powershell
2026-07-20 13:30:07 | INFO | M03 | cwd=notebooks
2026-07-20 13:30:07 | INFO | M03 | github_actions=False
2026-07-20 13:30:07 | INFO | M03 | Confirming installation:
2026-07-20 13:30:07 | INFO | M03 |   python:       3.14.6
2026-07-20 13:30:07 | INFO | M03 |   pandas:       3.0.3
2026-07-20 13:30:07 | INFO | M03 |   numpy:        2.5.1
2026-07-20 13:30:07 | INFO | M03 |   scikit-learn: 1.9.0
2026-07-20 13:30:07 | INFO | M03 |   seaborn:      0.13.2
2026-07-20 13:30:07 | INFO | M03 |   matplotlib:   3.11.0
2026-07-20 13:30:07 | INFO | M03 | Loading dataset: penguins
2026-07-20 13:30:07 | INFO | M03 | Loaded: 344 rows (instances), 7 columns
2026-07-20 13:30:07 | INFO | M03 | Original rows: 344
2026-07-20 13:30:07 | INFO | M03 | Model rows:    342
2026-07-20 13:30:07 | INFO | M03 | Classes in target 'species': ['Adelie', 'Chinstrap', 'Gentoo']
2026-07-20 13:30:07 | DEBUG | M03 | Class counts:
species
Adelie       151
Gentoo       123
Chinstrap     68
Name: count, dtype: int64
2026-07-20 13:30:07 | INFO | M03 | Train instances: 273
2026-07-20 13:30:07 | INFO | M03 | Test instances: 69
2026-07-20 13:30:07 | INFO | M03 | Fitting DecisionTreeClassifier(max_depth=4)
2026-07-20 13:30:07 | INFO | M03 | Test accuracy: 0.986
2026-07-20 13:30:07 | INFO | M03 | Per-class precision / recall / F1:
2026-07-20 13:30:07 | DEBUG | M03 | 
              precision    recall  f1-score   support

      Adelie       0.97      1.00      0.98        30
   Chinstrap       1.00      0.93      0.96        14
      Gentoo       1.00      1.00      1.00        25

    accuracy                           0.99        69
   macro avg       0.99      0.98      0.98        69
weighted avg       0.99      0.99      0.99        69

2026-07-20 13:30:07 | INFO | M03 | Showing confusion matrix (rows = actual, cols = predicted)
2026-07-20 13:30:07 | DEBUG | M03 |   depth= 1  train=0.791  test=0.797
2026-07-20 13:30:07 | DEBUG | M03 |   depth= 2  train=0.960  test=0.971
2026-07-20 13:30:07 | DEBUG | M03 |   depth= 3  train=0.967  test=0.971
2026-07-20 13:30:07 | DEBUG | M03 |   depth= 4  train=0.989  test=0.986
2026-07-20 13:30:07 | DEBUG | M03 |   depth= 5  train=0.996  test=0.986
2026-07-20 13:30:07 | DEBUG | M03 |   depth= 6  train=0.996  test=0.986
2026-07-20 13:30:07 | DEBUG | M03 |   depth= 7  train=1.000  test=1.000
2026-07-20 13:30:07 | DEBUG | M03 |   depth= 8  train=1.000  test=1.000
2026-07-20 13:30:07 | DEBUG | M03 |   depth= 9  train=1.000  test=1.000
2026-07-20 13:30:07 | DEBUG | M03 |   depth=10  train=1.000  test=1.000
2026-07-20 13:30:07 | DEBUG | M03 |   depth=11  train=1.000  test=1.000
2026-07-20 13:30:07 | DEBUG | M03 |   depth=12  train=1.000  test=1.000
2026-07-20 13:30:07 | INFO | M03 | ========================
2026-07-20 13:30:07 | INFO | M03 | SUMMARY
2026-07-20 13:30:07 | INFO | M03 | ========================
2026-07-20 13:30:07 | INFO | M03 | Dataset:   penguins
2026-07-20 13:30:07 | INFO | M03 | Target:    species  (classification)
2026-07-20 13:30:07 | INFO | M03 | Features:  ['bill_length_mm', 'bill_depth_mm', 'flipper_length_mm', 'body_mass_g']
2026-07-20 13:30:07 | INFO | M03 | Model:     DecisionTreeClassifier(max_depth=4)
2026-07-20 13:30:07 | INFO | M03 | ========================
2026-07-20 13:30:20 | INFO | M03 | === RUN START ===
2026-07-20 13:30:20 | INFO | M03 | project=M03
2026-07-20 13:30:20 | INFO | M03 | repo_dir=CS44670-Module-3
2026-07-20 13:30:20 | INFO | M03 | python=3.14.6
2026-07-20 13:30:20 | INFO | M03 | os=Windows 11
2026-07-20 13:30:20 | INFO | M03 | shell=powershell
2026-07-20 13:30:20 | INFO | M03 | cwd=notebooks
2026-07-20 13:30:20 | INFO | M03 | github_actions=False
2026-07-20 13:30:20 | INFO | M03 | Confirming installation:
2026-07-20 13:30:20 | INFO | M03 |   python:       3.14.6
2026-07-20 13:30:20 | INFO | M03 |   pandas:       3.0.3
2026-07-20 13:30:20 | INFO | M03 |   numpy:        2.5.1
2026-07-20 13:30:20 | INFO | M03 |   scikit-learn: 1.9.0
2026-07-20 13:30:20 | INFO | M03 |   seaborn:      0.13.2
2026-07-20 13:30:20 | INFO | M03 |   matplotlib:   3.11.0
2026-07-20 13:30:20 | INFO | M03 | Loading dataset: penguins
2026-07-20 13:30:20 | INFO | M03 | Loaded: 344 rows (instances), 7 columns
2026-07-20 13:30:20 | INFO | M03 | Original rows: 344
2026-07-20 13:30:20 | INFO | M03 | Model rows:    342
2026-07-20 13:30:20 | INFO | M03 | Classes in target 'species': ['Adelie', 'Chinstrap', 'Gentoo']
2026-07-20 13:30:20 | DEBUG | M03 | Class counts:
species
Adelie       151
Gentoo       123
Chinstrap     68
Name: count, dtype: int64
2026-07-20 13:30:20 | INFO | M03 | Train instances: 273
2026-07-20 13:30:20 | INFO | M03 | Test instances: 69
2026-07-20 13:30:20 | INFO | M03 | Fitting DecisionTreeClassifier(max_depth=3)
2026-07-20 13:30:20 | INFO | M03 | Test accuracy: 0.971
2026-07-20 13:30:20 | INFO | M03 | Per-class precision / recall / F1:
2026-07-20 13:30:20 | DEBUG | M03 | 
              precision    recall  f1-score   support

      Adelie       1.00      0.93      0.97        30
   Chinstrap       0.88      1.00      0.93        14
      Gentoo       1.00      1.00      1.00        25

    accuracy                           0.97        69
   macro avg       0.96      0.98      0.97        69
weighted avg       0.97      0.97      0.97        69

2026-07-20 13:30:20 | INFO | M03 | Showing confusion matrix (rows = actual, cols = predicted)
2026-07-20 13:30:20 | DEBUG | M03 |   depth= 1  train=0.791  test=0.797
2026-07-20 13:30:20 | DEBUG | M03 |   depth= 2  train=0.960  test=0.971
2026-07-20 13:30:20 | DEBUG | M03 |   depth= 3  train=0.967  test=0.971
2026-07-20 13:30:20 | DEBUG | M03 |   depth= 4  train=0.989  test=0.986
2026-07-20 13:30:20 | DEBUG | M03 |   depth= 5  train=0.996  test=0.986
2026-07-20 13:30:20 | DEBUG | M03 |   depth= 6  train=0.996  test=0.986
2026-07-20 13:30:20 | DEBUG | M03 |   depth= 7  train=1.000  test=1.000
2026-07-20 13:30:20 | DEBUG | M03 |   depth= 8  train=1.000  test=1.000
2026-07-20 13:30:20 | DEBUG | M03 |   depth= 9  train=1.000  test=1.000
2026-07-20 13:30:20 | DEBUG | M03 |   depth=10  train=1.000  test=1.000
2026-07-20 13:30:20 | DEBUG | M03 |   depth=11  train=1.000  test=1.000
2026-07-20 13:30:20 | DEBUG | M03 |   depth=12  train=1.000  test=1.000
2026-07-20 13:30:20 | INFO | M03 | ========================
2026-07-20 13:30:20 | INFO | M03 | SUMMARY
2026-07-20 13:30:20 | INFO | M03 | ========================
2026-07-20 13:30:20 | INFO | M03 | Dataset:   penguins
2026-07-20 13:30:20 | INFO | M03 | Target:    species  (classification)
2026-07-20 13:30:20 | INFO | M03 | Features:  ['bill_length_mm', 'bill_depth_mm', 'flipper_length_mm', 'body_mass_g']
2026-07-20 13:30:20 | INFO | M03 | Model:     DecisionTreeClassifier(max_depth=3)
2026-07-20 13:30:20 | INFO | M03 | ========================
2026-07-20 13:30:28 | INFO | M03 | === RUN START ===
2026-07-20 13:30:28 | INFO | M03 | project=M03
2026-07-20 13:30:28 | INFO | M03 | repo_dir=CS44670-Module-3
2026-07-20 13:30:28 | INFO | M03 | python=3.14.6
2026-07-20 13:30:28 | INFO | M03 | os=Windows 11
2026-07-20 13:30:28 | INFO | M03 | shell=powershell
2026-07-20 13:30:28 | INFO | M03 | cwd=notebooks
2026-07-20 13:30:28 | INFO | M03 | github_actions=False
2026-07-20 13:30:28 | INFO | M03 | Confirming installation:
2026-07-20 13:30:28 | INFO | M03 |   python:       3.14.6
2026-07-20 13:30:28 | INFO | M03 |   pandas:       3.0.3
2026-07-20 13:30:28 | INFO | M03 |   numpy:        2.5.1
2026-07-20 13:30:28 | INFO | M03 |   scikit-learn: 1.9.0
2026-07-20 13:30:28 | INFO | M03 |   seaborn:      0.13.2
2026-07-20 13:30:28 | INFO | M03 |   matplotlib:   3.11.0
2026-07-20 13:30:28 | INFO | M03 | Loading dataset: penguins
2026-07-20 13:30:28 | INFO | M03 | Loaded: 344 rows (instances), 7 columns
2026-07-20 13:30:28 | INFO | M03 | Original rows: 344
2026-07-20 13:30:28 | INFO | M03 | Model rows:    342
2026-07-20 13:30:28 | INFO | M03 | Classes in target 'species': ['Adelie', 'Chinstrap', 'Gentoo']
2026-07-20 13:30:28 | DEBUG | M03 | Class counts:
species
Adelie       151
Gentoo       123
Chinstrap     68
Name: count, dtype: int64
2026-07-20 13:30:28 | INFO | M03 | Train instances: 273
2026-07-20 13:30:28 | INFO | M03 | Test instances: 69
2026-07-20 13:30:28 | INFO | M03 | Fitting DecisionTreeClassifier(max_depth=6)
2026-07-20 13:30:28 | INFO | M03 | Test accuracy: 0.986
2026-07-20 13:30:28 | INFO | M03 | Per-class precision / recall / F1:
2026-07-20 13:30:28 | DEBUG | M03 | 
              precision    recall  f1-score   support

      Adelie       0.97      1.00      0.98        30
   Chinstrap       1.00      0.93      0.96        14
      Gentoo       1.00      1.00      1.00        25

    accuracy                           0.99        69
   macro avg       0.99      0.98      0.98        69
weighted avg       0.99      0.99      0.99        69

2026-07-20 13:30:28 | INFO | M03 | Showing confusion matrix (rows = actual, cols = predicted)
2026-07-20 13:30:28 | DEBUG | M03 |   depth= 1  train=0.791  test=0.797
2026-07-20 13:30:28 | DEBUG | M03 |   depth= 2  train=0.960  test=0.971
2026-07-20 13:30:28 | DEBUG | M03 |   depth= 3  train=0.967  test=0.971
2026-07-20 13:30:28 | DEBUG | M03 |   depth= 4  train=0.989  test=0.986
2026-07-20 13:30:28 | DEBUG | M03 |   depth= 5  train=0.996  test=0.986
2026-07-20 13:30:28 | DEBUG | M03 |   depth= 6  train=0.996  test=0.986
2026-07-20 13:30:28 | DEBUG | M03 |   depth= 7  train=1.000  test=1.000
2026-07-20 13:30:28 | DEBUG | M03 |   depth= 8  train=1.000  test=1.000
2026-07-20 13:30:28 | DEBUG | M03 |   depth= 9  train=1.000  test=1.000
2026-07-20 13:30:28 | DEBUG | M03 |   depth=10  train=1.000  test=1.000
2026-07-20 13:30:28 | DEBUG | M03 |   depth=11  train=1.000  test=1.000
2026-07-20 13:30:28 | DEBUG | M03 |   depth=12  train=1.000  test=1.000
2026-07-20 13:30:28 | INFO | M03 | ========================
2026-07-20 13:30:28 | INFO | M03 | SUMMARY
2026-07-20 13:30:28 | INFO | M03 | ========================
2026-07-20 13:30:28 | INFO | M03 | Dataset:   penguins
2026-07-20 13:30:28 | INFO | M03 | Target:    species  (classification)
2026-07-20 13:30:28 | INFO | M03 | Features:  ['bill_length_mm', 'bill_depth_mm', 'flipper_length_mm', 'body_mass_g']
2026-07-20 13:30:28 | INFO | M03 | Model:     DecisionTreeClassifier(max_depth=6)
2026-07-20 13:30:28 | INFO | M03 | ========================
2026-07-20 13:30:48 | INFO | M03 | === RUN START ===
2026-07-20 13:30:48 | INFO | M03 | project=M03
2026-07-20 13:30:48 | INFO | M03 | repo_dir=CS44670-Module-3
2026-07-20 13:30:48 | INFO | M03 | python=3.14.6
2026-07-20 13:30:48 | INFO | M03 | os=Windows 11
2026-07-20 13:30:48 | INFO | M03 | shell=powershell
2026-07-20 13:30:48 | INFO | M03 | cwd=notebooks
2026-07-20 13:30:48 | INFO | M03 | github_actions=False
2026-07-20 13:30:48 | INFO | M03 | Confirming installation:
2026-07-20 13:30:48 | INFO | M03 |   python:       3.14.6
2026-07-20 13:30:48 | INFO | M03 |   pandas:       3.0.3
2026-07-20 13:30:48 | INFO | M03 |   numpy:        2.5.1
2026-07-20 13:30:48 | INFO | M03 |   scikit-learn: 1.9.0
2026-07-20 13:30:48 | INFO | M03 |   seaborn:      0.13.2
2026-07-20 13:30:48 | INFO | M03 |   matplotlib:   3.11.0
2026-07-20 13:30:48 | INFO | M03 | Loading dataset: penguins
2026-07-20 13:30:48 | INFO | M03 | Loaded: 344 rows (instances), 7 columns
2026-07-20 13:30:48 | INFO | M03 | Original rows: 344
2026-07-20 13:30:48 | INFO | M03 | Model rows:    342
2026-07-20 13:30:48 | INFO | M03 | Classes in target 'species': ['Adelie', 'Chinstrap', 'Gentoo']
2026-07-20 13:30:48 | DEBUG | M03 | Class counts:
species
Adelie       151
Gentoo       123
Chinstrap     68
Name: count, dtype: int64
2026-07-20 13:30:48 | INFO | M03 | Train instances: 273
2026-07-20 13:30:48 | INFO | M03 | Test instances: 69
2026-07-20 13:30:48 | INFO | M03 | Fitting DecisionTreeClassifier(max_depth=3)
2026-07-20 13:30:48 | INFO | M03 | Test accuracy: 0.971
2026-07-20 13:30:48 | INFO | M03 | Per-class precision / recall / F1:
2026-07-20 13:30:48 | DEBUG | M03 | 
              precision    recall  f1-score   support

      Adelie       1.00      0.93      0.97        30
   Chinstrap       0.88      1.00      0.93        14
      Gentoo       1.00      1.00      1.00        25

    accuracy                           0.97        69
   macro avg       0.96      0.98      0.97        69
weighted avg       0.97      0.97      0.97        69

2026-07-20 13:30:48 | INFO | M03 | Showing confusion matrix (rows = actual, cols = predicted)
2026-07-20 13:30:48 | DEBUG | M03 |   depth= 1  train=0.791  test=0.797
2026-07-20 13:30:48 | DEBUG | M03 |   depth= 2  train=0.960  test=0.971
2026-07-20 13:30:48 | DEBUG | M03 |   depth= 3  train=0.967  test=0.971
2026-07-20 13:30:48 | DEBUG | M03 |   depth= 4  train=0.989  test=0.986
2026-07-20 13:30:48 | DEBUG | M03 |   depth= 5  train=0.996  test=0.986
2026-07-20 13:30:48 | DEBUG | M03 |   depth= 6  train=0.996  test=0.986
2026-07-20 13:30:48 | DEBUG | M03 |   depth= 7  train=1.000  test=1.000
2026-07-20 13:30:48 | DEBUG | M03 |   depth= 8  train=1.000  test=1.000
2026-07-20 13:30:48 | DEBUG | M03 |   depth= 9  train=1.000  test=1.000
2026-07-20 13:30:48 | DEBUG | M03 |   depth=10  train=1.000  test=1.000
2026-07-20 13:30:48 | DEBUG | M03 |   depth=11  train=1.000  test=1.000
2026-07-20 13:30:48 | DEBUG | M03 |   depth=12  train=1.000  test=1.000
2026-07-20 13:30:48 | INFO | M03 | ========================
2026-07-20 13:30:48 | INFO | M03 | SUMMARY
2026-07-20 13:30:48 | INFO | M03 | ========================
2026-07-20 13:30:48 | INFO | M03 | Dataset:   penguins
2026-07-20 13:30:48 | INFO | M03 | Target:    species  (classification)
2026-07-20 13:30:48 | INFO | M03 | Features:  ['bill_length_mm', 'bill_depth_mm', 'flipper_length_mm', 'body_mass_g']
2026-07-20 13:30:48 | INFO | M03 | Model:     DecisionTreeClassifier(max_depth=3)
2026-07-20 13:30:48 | INFO | M03 | ========================
2026-07-20 13:30:55 | INFO | M03 | === RUN START ===
2026-07-20 13:30:55 | INFO | M03 | project=M03
2026-07-20 13:30:55 | INFO | M03 | repo_dir=CS44670-Module-3
2026-07-20 13:30:55 | INFO | M03 | python=3.14.6
2026-07-20 13:30:55 | INFO | M03 | os=Windows 11
2026-07-20 13:30:55 | INFO | M03 | shell=powershell
2026-07-20 13:30:55 | INFO | M03 | cwd=notebooks
2026-07-20 13:30:55 | INFO | M03 | github_actions=False
2026-07-20 13:30:55 | INFO | M03 | Confirming installation:
2026-07-20 13:30:55 | INFO | M03 |   python:       3.14.6
2026-07-20 13:30:55 | INFO | M03 |   pandas:       3.0.3
2026-07-20 13:30:55 | INFO | M03 |   numpy:        2.5.1
2026-07-20 13:30:55 | INFO | M03 |   scikit-learn: 1.9.0
2026-07-20 13:30:55 | INFO | M03 |   seaborn:      0.13.2
2026-07-20 13:30:55 | INFO | M03 |   matplotlib:   3.11.0
2026-07-20 13:30:55 | INFO | M03 | Loading dataset: penguins
2026-07-20 13:30:55 | INFO | M03 | Loaded: 344 rows (instances), 7 columns
2026-07-20 13:30:55 | INFO | M03 | Original rows: 344
2026-07-20 13:30:55 | INFO | M03 | Model rows:    342
2026-07-20 13:30:55 | INFO | M03 | Classes in target 'species': ['Adelie', 'Chinstrap', 'Gentoo']
2026-07-20 13:30:55 | DEBUG | M03 | Class counts:
species
Adelie       151
Gentoo       123
Chinstrap     68
Name: count, dtype: int64
2026-07-20 13:30:55 | INFO | M03 | Train instances: 273
2026-07-20 13:30:55 | INFO | M03 | Test instances: 69
2026-07-20 13:30:55 | INFO | M03 | Fitting DecisionTreeClassifier(max_depth=5)
2026-07-20 13:30:55 | INFO | M03 | Test accuracy: 0.986
2026-07-20 13:30:55 | INFO | M03 | Per-class precision / recall / F1:
2026-07-20 13:30:55 | DEBUG | M03 | 
              precision    recall  f1-score   support

      Adelie       0.97      1.00      0.98        30
   Chinstrap       1.00      0.93      0.96        14
      Gentoo       1.00      1.00      1.00        25

    accuracy                           0.99        69
   macro avg       0.99      0.98      0.98        69
weighted avg       0.99      0.99      0.99        69

2026-07-20 13:30:55 | INFO | M03 | Showing confusion matrix (rows = actual, cols = predicted)
2026-07-20 13:30:55 | DEBUG | M03 |   depth= 1  train=0.791  test=0.797
2026-07-20 13:30:55 | DEBUG | M03 |   depth= 2  train=0.960  test=0.971
2026-07-20 13:30:55 | DEBUG | M03 |   depth= 3  train=0.967  test=0.971
2026-07-20 13:30:55 | DEBUG | M03 |   depth= 4  train=0.989  test=0.986
2026-07-20 13:30:55 | DEBUG | M03 |   depth= 5  train=0.996  test=0.986
2026-07-20 13:30:55 | DEBUG | M03 |   depth= 6  train=0.996  test=0.986
2026-07-20 13:30:55 | DEBUG | M03 |   depth= 7  train=1.000  test=1.000
2026-07-20 13:30:55 | DEBUG | M03 |   depth= 8  train=1.000  test=1.000
2026-07-20 13:30:55 | DEBUG | M03 |   depth= 9  train=1.000  test=1.000
2026-07-20 13:30:55 | DEBUG | M03 |   depth=10  train=1.000  test=1.000
2026-07-20 13:30:55 | DEBUG | M03 |   depth=11  train=1.000  test=1.000
2026-07-20 13:30:55 | DEBUG | M03 |   depth=12  train=1.000  test=1.000
2026-07-20 13:30:55 | INFO | M03 | ========================
2026-07-20 13:30:55 | INFO | M03 | SUMMARY
2026-07-20 13:30:55 | INFO | M03 | ========================
2026-07-20 13:30:55 | INFO | M03 | Dataset:   penguins
2026-07-20 13:30:55 | INFO | M03 | Target:    species  (classification)
2026-07-20 13:30:55 | INFO | M03 | Features:  ['bill_length_mm', 'bill_depth_mm', 'flipper_length_mm', 'body_mass_g']
2026-07-20 13:30:55 | INFO | M03 | Model:     DecisionTreeClassifier(max_depth=5)
2026-07-20 13:30:55 | INFO | M03 | ========================
2026-07-20 13:31:15 | INFO | M03 | === RUN START ===
2026-07-20 13:31:15 | INFO | M03 | project=M03
2026-07-20 13:31:15 | INFO | M03 | repo_dir=CS44670-Module-3
2026-07-20 13:31:15 | INFO | M03 | python=3.14.6
2026-07-20 13:31:15 | INFO | M03 | os=Windows 11
2026-07-20 13:31:15 | INFO | M03 | shell=powershell
2026-07-20 13:31:15 | INFO | M03 | cwd=notebooks
2026-07-20 13:31:15 | INFO | M03 | github_actions=False
2026-07-20 13:31:15 | INFO | M03 | Confirming installation:
2026-07-20 13:31:15 | INFO | M03 |   python:       3.14.6
2026-07-20 13:31:15 | INFO | M03 |   pandas:       3.0.3
2026-07-20 13:31:15 | INFO | M03 |   numpy:        2.5.1
2026-07-20 13:31:15 | INFO | M03 |   scikit-learn: 1.9.0
2026-07-20 13:31:15 | INFO | M03 |   seaborn:      0.13.2
2026-07-20 13:31:15 | INFO | M03 |   matplotlib:   3.11.0
2026-07-20 13:31:15 | INFO | M03 | Loading dataset: penguins
2026-07-20 13:31:15 | INFO | M03 | Loaded: 344 rows (instances), 7 columns
2026-07-20 13:31:15 | INFO | M03 | Original rows: 344
2026-07-20 13:31:15 | INFO | M03 | Model rows:    342
2026-07-20 13:31:15 | INFO | M03 | Classes in target 'species': ['Adelie', 'Chinstrap', 'Gentoo']
2026-07-20 13:31:15 | DEBUG | M03 | Class counts:
species
Adelie       151
Gentoo       123
Chinstrap     68
Name: count, dtype: int64
2026-07-20 13:31:15 | INFO | M03 | Train instances: 273
2026-07-20 13:31:15 | INFO | M03 | Test instances: 69
2026-07-20 13:31:15 | INFO | M03 | Fitting DecisionTreeClassifier(max_depth=4)
2026-07-20 13:31:15 | INFO | M03 | Test accuracy: 1.000
2026-07-20 13:31:15 | INFO | M03 | Per-class precision / recall / F1:
2026-07-20 13:31:15 | DEBUG | M03 | 
              precision    recall  f1-score   support

      Adelie       1.00      1.00      1.00        30
   Chinstrap       1.00      1.00      1.00        14
      Gentoo       1.00      1.00      1.00        25

    accuracy                           1.00        69
   macro avg       1.00      1.00      1.00        69
weighted avg       1.00      1.00      1.00        69

2026-07-20 13:31:15 | INFO | M03 | Showing confusion matrix (rows = actual, cols = predicted)
2026-07-20 13:31:15 | DEBUG | M03 |   depth= 1  train=0.791  test=0.797
2026-07-20 13:31:15 | DEBUG | M03 |   depth= 2  train=0.960  test=0.986
2026-07-20 13:31:15 | DEBUG | M03 |   depth= 3  train=0.967  test=0.986
2026-07-20 13:31:15 | DEBUG | M03 |   depth= 4  train=0.989  test=1.000
2026-07-20 13:31:15 | DEBUG | M03 |   depth= 5  train=0.996  test=1.000
2026-07-20 13:31:15 | DEBUG | M03 |   depth= 6  train=0.996  test=1.000
2026-07-20 13:31:15 | DEBUG | M03 |   depth= 7  train=1.000  test=1.000
2026-07-20 13:31:15 | DEBUG | M03 |   depth= 8  train=1.000  test=1.000
2026-07-20 13:31:15 | DEBUG | M03 |   depth= 9  train=1.000  test=1.000
2026-07-20 13:31:15 | DEBUG | M03 |   depth=10  train=1.000  test=1.000
2026-07-20 13:31:15 | DEBUG | M03 |   depth=11  train=1.000  test=1.000
2026-07-20 13:31:15 | DEBUG | M03 |   depth=12  train=1.000  test=1.000
2026-07-20 13:31:15 | INFO | M03 | ========================
2026-07-20 13:31:15 | INFO | M03 | SUMMARY
2026-07-20 13:31:15 | INFO | M03 | ========================
2026-07-20 13:31:15 | INFO | M03 | Dataset:   penguins
2026-07-20 13:31:15 | INFO | M03 | Target:    species  (classification)
2026-07-20 13:31:15 | INFO | M03 | Features:  ['bill_length_mm', 'bill_depth_mm', 'flipper_length_mm', 'body_mass_g']
2026-07-20 13:31:15 | INFO | M03 | Model:     DecisionTreeClassifier(max_depth=4)
2026-07-20 13:31:15 | INFO | M03 | ========================
2026-07-20 13:31:32 | INFO | M03 | === RUN START ===
2026-07-20 13:31:32 | INFO | M03 | project=M03
2026-07-20 13:31:32 | INFO | M03 | repo_dir=CS44670-Module-3
2026-07-20 13:31:32 | INFO | M03 | python=3.14.6
2026-07-20 13:31:32 | INFO | M03 | os=Windows 11
2026-07-20 13:31:32 | INFO | M03 | shell=powershell
2026-07-20 13:31:32 | INFO | M03 | cwd=notebooks
2026-07-20 13:31:32 | INFO | M03 | github_actions=False
2026-07-20 13:31:32 | INFO | M03 | Confirming installation:
2026-07-20 13:31:32 | INFO | M03 |   python:       3.14.6
2026-07-20 13:31:32 | INFO | M03 |   pandas:       3.0.3
2026-07-20 13:31:32 | INFO | M03 |   numpy:        2.5.1
2026-07-20 13:31:32 | INFO | M03 |   scikit-learn: 1.9.0
2026-07-20 13:31:32 | INFO | M03 |   seaborn:      0.13.2
2026-07-20 13:31:32 | INFO | M03 |   matplotlib:   3.11.0
2026-07-20 13:31:32 | INFO | M03 | Loading dataset: penguins
2026-07-20 13:31:32 | INFO | M03 | Loaded: 344 rows (instances), 7 columns
2026-07-20 13:31:32 | INFO | M03 | Original rows: 344
2026-07-20 13:31:32 | INFO | M03 | Model rows:    342
2026-07-20 13:31:32 | INFO | M03 | Classes in target 'species': ['Adelie', 'Chinstrap', 'Gentoo']
2026-07-20 13:31:32 | DEBUG | M03 | Class counts:
species
Adelie       151
Gentoo       123
Chinstrap     68
Name: count, dtype: int64
2026-07-20 13:31:32 | INFO | M03 | Train instances: 273
2026-07-20 13:31:32 | INFO | M03 | Test instances: 69
2026-07-20 13:31:32 | INFO | M03 | Fitting DecisionTreeClassifier(max_depth=4)
2026-07-20 13:31:32 | INFO | M03 | Test accuracy: 1.000
2026-07-20 13:31:32 | INFO | M03 | Per-class precision / recall / F1:
2026-07-20 13:31:32 | DEBUG | M03 | 
              precision    recall  f1-score   support

      Adelie       1.00      1.00      1.00        30
   Chinstrap       1.00      1.00      1.00        14
      Gentoo       1.00      1.00      1.00        25

    accuracy                           1.00        69
   macro avg       1.00      1.00      1.00        69
weighted avg       1.00      1.00      1.00        69

2026-07-20 13:31:32 | INFO | M03 | Showing confusion matrix (rows = actual, cols = predicted)
2026-07-20 13:31:32 | DEBUG | M03 |   depth= 1  train=0.791  test=0.797
2026-07-20 13:31:32 | INFO | M03 | ========================
2026-07-20 13:31:32 | INFO | M03 | SUMMARY
2026-07-20 13:31:32 | INFO | M03 | ========================
2026-07-20 13:31:32 | INFO | M03 | Dataset:   penguins
2026-07-20 13:31:32 | INFO | M03 | Target:    species  (classification)
2026-07-20 13:31:32 | INFO | M03 | Features:  ['bill_length_mm', 'bill_depth_mm', 'flipper_length_mm', 'body_mass_g']
2026-07-20 13:31:32 | INFO | M03 | Model:     DecisionTreeClassifier(max_depth=4)
2026-07-20 13:31:32 | INFO | M03 | ========================
2026-07-20 13:31:40 | INFO | M03 | === RUN START ===
2026-07-20 13:31:40 | INFO | M03 | project=M03
2026-07-20 13:31:40 | INFO | M03 | repo_dir=CS44670-Module-3
2026-07-20 13:31:40 | INFO | M03 | python=3.14.6
2026-07-20 13:31:40 | INFO | M03 | os=Windows 11
2026-07-20 13:31:40 | INFO | M03 | shell=powershell
2026-07-20 13:31:40 | INFO | M03 | cwd=notebooks
2026-07-20 13:31:40 | INFO | M03 | github_actions=False
2026-07-20 13:31:40 | INFO | M03 | Confirming installation:
2026-07-20 13:31:40 | INFO | M03 |   python:       3.14.6
2026-07-20 13:31:40 | INFO | M03 |   pandas:       3.0.3
2026-07-20 13:31:40 | INFO | M03 |   numpy:        2.5.1
2026-07-20 13:31:40 | INFO | M03 |   scikit-learn: 1.9.0
2026-07-20 13:31:40 | INFO | M03 |   seaborn:      0.13.2
2026-07-20 13:31:40 | INFO | M03 |   matplotlib:   3.11.0
2026-07-20 13:31:40 | INFO | M03 | Loading dataset: penguins
2026-07-20 13:31:40 | INFO | M03 | Loaded: 344 rows (instances), 7 columns
2026-07-20 13:31:40 | INFO | M03 | Original rows: 344
2026-07-20 13:31:40 | INFO | M03 | Model rows:    342
2026-07-20 13:31:40 | INFO | M03 | Classes in target 'species': ['Adelie', 'Chinstrap', 'Gentoo']
2026-07-20 13:31:40 | DEBUG | M03 | Class counts:
species
Adelie       151
Gentoo       123
Chinstrap     68
Name: count, dtype: int64
2026-07-20 13:31:40 | INFO | M03 | Train instances: 273
2026-07-20 13:31:40 | INFO | M03 | Test instances: 69
2026-07-20 13:31:40 | INFO | M03 | Fitting DecisionTreeClassifier(max_depth=4)
2026-07-20 13:31:40 | INFO | M03 | Test accuracy: 1.000
2026-07-20 13:31:40 | INFO | M03 | Per-class precision / recall / F1:
2026-07-20 13:31:40 | DEBUG | M03 | 
              precision    recall  f1-score   support

      Adelie       1.00      1.00      1.00        30
   Chinstrap       1.00      1.00      1.00        14
      Gentoo       1.00      1.00      1.00        25

    accuracy                           1.00        69
   macro avg       1.00      1.00      1.00        69
weighted avg       1.00      1.00      1.00        69

2026-07-20 13:31:40 | INFO | M03 | Showing confusion matrix (rows = actual, cols = predicted)
2026-07-20 13:31:40 | DEBUG | M03 |   depth= 1  train=0.791  test=0.797
2026-07-20 13:31:40 | DEBUG | M03 |   depth= 2  train=0.960  test=0.986
2026-07-20 13:31:40 | DEBUG | M03 |   depth= 3  train=0.967  test=0.986
2026-07-20 13:31:40 | DEBUG | M03 |   depth= 4  train=0.989  test=1.000
2026-07-20 13:31:40 | DEBUG | M03 |   depth= 5  train=0.996  test=1.000
2026-07-20 13:31:40 | DEBUG | M03 |   depth= 6  train=0.996  test=1.000
2026-07-20 13:31:40 | DEBUG | M03 |   depth= 7  train=1.000  test=1.000
2026-07-20 13:31:40 | DEBUG | M03 |   depth= 8  train=1.000  test=1.000
2026-07-20 13:31:40 | DEBUG | M03 |   depth= 9  train=1.000  test=1.000
2026-07-20 13:31:40 | DEBUG | M03 |   depth=10  train=1.000  test=1.000
2026-07-20 13:31:40 | INFO | M03 | ========================
2026-07-20 13:31:40 | INFO | M03 | SUMMARY
2026-07-20 13:31:40 | INFO | M03 | ========================
2026-07-20 13:31:40 | INFO | M03 | Dataset:   penguins
2026-07-20 13:31:40 | INFO | M03 | Target:    species  (classification)
2026-07-20 13:31:40 | INFO | M03 | Features:  ['bill_length_mm', 'bill_depth_mm', 'flipper_length_mm', 'body_mass_g']
2026-07-20 13:31:40 | INFO | M03 | Model:     DecisionTreeClassifier(max_depth=4)
2026-07-20 13:31:40 | INFO | M03 | ========================
2026-07-20 13:34:31 | INFO | M03 | === RUN START ===
2026-07-20 13:34:31 | INFO | M03 | project=M03
2026-07-20 13:34:31 | INFO | M03 | repo_dir=CS44670-Module-3
2026-07-20 13:34:31 | INFO | M03 | python=3.14.6
2026-07-20 13:34:31 | INFO | M03 | os=Windows 11
2026-07-20 13:34:31 | INFO | M03 | shell=powershell
2026-07-20 13:34:31 | INFO | M03 | cwd=notebooks
2026-07-20 13:34:31 | INFO | M03 | github_actions=False
2026-07-20 13:34:31 | INFO | M03 | Confirming installation:
2026-07-20 13:34:31 | INFO | M03 |   python:       3.14.6
2026-07-20 13:34:31 | INFO | M03 |   pandas:       3.0.3
2026-07-20 13:34:31 | INFO | M03 |   numpy:        2.5.1
2026-07-20 13:34:31 | INFO | M03 |   scikit-learn: 1.9.0
2026-07-20 13:34:31 | INFO | M03 |   seaborn:      0.13.2
2026-07-20 13:34:31 | INFO | M03 |   matplotlib:   3.11.0
2026-07-20 13:34:31 | INFO | M03 | Loading dataset: penguins
2026-07-20 13:34:31 | INFO | M03 | Loaded: 344 rows (instances), 7 columns
2026-07-20 13:34:31 | INFO | M03 | Original rows: 344
2026-07-20 13:34:31 | INFO | M03 | Model rows:    342
2026-07-20 13:34:31 | INFO | M03 | Classes in target 'species': ['Adelie', 'Chinstrap', 'Gentoo']
2026-07-20 13:34:31 | DEBUG | M03 | Class counts:
species
Adelie       151
Gentoo       123
Chinstrap     68
Name: count, dtype: int64
2026-07-20 13:34:31 | INFO | M03 | Train instances: 273
2026-07-20 13:34:31 | INFO | M03 | Test instances: 69
2026-07-20 13:34:31 | INFO | M03 | Fitting DecisionTreeClassifier(max_depth=7)
2026-07-20 13:34:31 | INFO | M03 | Test accuracy: 1.000
2026-07-20 13:34:31 | INFO | M03 | Per-class precision / recall / F1:
2026-07-20 13:34:31 | DEBUG | M03 | 
              precision    recall  f1-score   support

      Adelie       1.00      1.00      1.00        30
   Chinstrap       1.00      1.00      1.00        14
      Gentoo       1.00      1.00      1.00        25

    accuracy                           1.00        69
   macro avg       1.00      1.00      1.00        69
weighted avg       1.00      1.00      1.00        69

2026-07-20 13:34:31 | INFO | M03 | Showing confusion matrix (rows = actual, cols = predicted)
2026-07-20 13:34:31 | DEBUG | M03 |   depth= 1  train=0.791  test=0.797
2026-07-20 13:34:31 | DEBUG | M03 |   depth= 2  train=0.960  test=0.986
2026-07-20 13:34:31 | DEBUG | M03 |   depth= 3  train=0.967  test=0.986
2026-07-20 13:34:31 | DEBUG | M03 |   depth= 4  train=0.989  test=1.000
2026-07-20 13:34:31 | DEBUG | M03 |   depth= 5  train=0.996  test=1.000
2026-07-20 13:34:31 | DEBUG | M03 |   depth= 6  train=0.996  test=1.000
2026-07-20 13:34:31 | DEBUG | M03 |   depth= 7  train=1.000  test=1.000
2026-07-20 13:34:31 | DEBUG | M03 |   depth= 8  train=1.000  test=1.000
2026-07-20 13:34:31 | DEBUG | M03 |   depth= 9  train=1.000  test=1.000
2026-07-20 13:34:31 | DEBUG | M03 |   depth=10  train=1.000  test=1.000
2026-07-20 13:34:31 | INFO | M03 | ========================
2026-07-20 13:34:31 | INFO | M03 | SUMMARY
2026-07-20 13:34:31 | INFO | M03 | ========================
2026-07-20 13:34:31 | INFO | M03 | Dataset:   penguins
2026-07-20 13:34:31 | INFO | M03 | Target:    species  (classification)
2026-07-20 13:34:31 | INFO | M03 | Features:  ['bill_length_mm', 'bill_depth_mm', 'flipper_length_mm', 'body_mass_g']
2026-07-20 13:34:31 | INFO | M03 | Model:     DecisionTreeClassifier(max_depth=7)
2026-07-20 13:34:31 | INFO | M03 | ========================
2026-07-20 13:36:56 | INFO | M03 | Loading dataset: penguins
2026-07-20 13:36:56 | INFO | M03 | Loaded: 344 rows (instances), 7 columns
2026-07-20 13:36:56 | INFO | M03 | Original rows: 344
2026-07-20 13:36:56 | INFO | M03 | Model rows:    342
2026-07-20 13:36:56 | INFO | M03 | Classes in target 'species': ['Adelie', 'Chinstrap', 'Gentoo']
2026-07-20 13:36:56 | DEBUG | M03 | Class counts:
species
Adelie       151
Gentoo       123
Chinstrap     68
Name: count, dtype: int64
2026-07-20 13:38:38 | INFO | M03 | Loading dataset: penguins
2026-07-20 13:38:38 | INFO | M03 | Loaded: 344 rows (instances), 7 columns
2026-07-20 13:38:38 | INFO | M03 | Original rows: 344
2026-07-20 13:38:38 | INFO | M03 | Model rows:    342
2026-07-20 13:38:38 | INFO | M03 | Classes in target 'species': ['Adelie', 'Chinstrap', 'Gentoo']
2026-07-20 13:38:38 | DEBUG | M03 | Class counts:
species
Adelie       151
Gentoo       123
Chinstrap     68
Name: count, dtype: int64
2026-07-20 13:39:29 | INFO | M03 | Loading dataset: penguins
2026-07-20 13:39:29 | INFO | M03 | Loaded: 344 rows (instances), 7 columns
2026-07-20 13:39:29 | INFO | M03 | Original rows: 344
2026-07-20 13:39:29 | INFO | M03 | Model rows:    342
2026-07-20 13:39:29 | INFO | M03 | Classes in target 'species': ['Adelie', 'Chinstrap', 'Gentoo']
2026-07-20 13:39:29 | DEBUG | M03 | Class counts:
species
Adelie       151
Gentoo       123
Chinstrap     68
Name: count, dtype: int64
2026-07-20 13:39:50 | INFO | M03 | Loading dataset: penguins
2026-07-20 13:39:50 | INFO | M03 | Loaded: 344 rows (instances), 7 columns
2026-07-20 13:39:50 | INFO | M03 | Original rows: 344
2026-07-20 13:39:50 | INFO | M03 | Model rows:    342
2026-07-20 13:39:50 | INFO | M03 | Classes in target 'island': ['Biscoe', 'Dream', 'Torgersen']
2026-07-20 13:39:50 | DEBUG | M03 | Class counts:
island
Biscoe       167
Dream        124
Torgersen     51
Name: count, dtype: int64
2026-07-20 13:40:07 | INFO | M03 | Loading dataset: penguins
2026-07-20 13:40:07 | INFO | M03 | Loaded: 344 rows (instances), 7 columns
2026-07-20 13:40:07 | INFO | M03 | Original rows: 344
2026-07-20 13:40:07 | INFO | M03 | Model rows:    342
2026-07-20 13:40:07 | INFO | M03 | Classes in target 'island': ['Biscoe', 'Dream', 'Torgersen']
2026-07-20 13:40:07 | DEBUG | M03 | Class counts:
island
Biscoe       167
Dream        124
Torgersen     51
Name: count, dtype: int64
2026-07-20 13:40:14 | INFO | M03 | === RUN START ===
2026-07-20 13:40:14 | INFO | M03 | project=M03
2026-07-20 13:40:14 | INFO | M03 | repo_dir=CS44670-Module-3
2026-07-20 13:40:14 | INFO | M03 | python=3.14.6
2026-07-20 13:40:14 | INFO | M03 | os=Windows 11
2026-07-20 13:40:14 | INFO | M03 | shell=powershell
2026-07-20 13:40:14 | INFO | M03 | cwd=notebooks
2026-07-20 13:40:14 | INFO | M03 | github_actions=False
2026-07-20 13:40:14 | INFO | M03 | Confirming installation:
2026-07-20 13:40:14 | INFO | M03 |   python:       3.14.6
2026-07-20 13:40:14 | INFO | M03 |   pandas:       3.0.3
2026-07-20 13:40:14 | INFO | M03 |   numpy:        2.5.1
2026-07-20 13:40:14 | INFO | M03 |   scikit-learn: 1.9.0
2026-07-20 13:40:14 | INFO | M03 |   seaborn:      0.13.2
2026-07-20 13:40:14 | INFO | M03 |   matplotlib:   3.11.0
2026-07-20 13:40:14 | INFO | M03 | Loading dataset: penguins
2026-07-20 13:40:14 | INFO | M03 | Loaded: 344 rows (instances), 7 columns
2026-07-20 13:40:14 | INFO | M03 | Original rows: 344
2026-07-20 13:40:14 | INFO | M03 | Model rows:    342
2026-07-20 13:40:14 | INFO | M03 | Classes in target 'island': ['Biscoe', 'Dream', 'Torgersen']
2026-07-20 13:40:14 | DEBUG | M03 | Class counts:
island
Biscoe       167
Dream        124
Torgersen     51
Name: count, dtype: int64
2026-07-20 13:40:14 | INFO | M03 | Train instances: 273
2026-07-20 13:40:14 | INFO | M03 | Test instances: 69
2026-07-20 13:40:14 | INFO | M03 | Fitting DecisionTreeClassifier(max_depth=7)
2026-07-20 13:40:14 | INFO | M03 | Test accuracy: 0.739
2026-07-20 13:40:14 | INFO | M03 | Per-class precision / recall / F1:
2026-07-20 13:40:14 | DEBUG | M03 | 
              precision    recall  f1-score   support

      Biscoe       0.89      0.91      0.90        34
       Dream       0.68      0.68      0.68        25
   Torgersen       0.33      0.30      0.32        10

    accuracy                           0.74        69
   macro avg       0.63      0.63      0.63        69
weighted avg       0.73      0.74      0.73        69

2026-07-20 13:40:14 | INFO | M03 | Showing confusion matrix (rows = actual, cols = predicted)
2026-07-20 13:40:14 | DEBUG | M03 |   depth= 1  train=0.689  test=0.754
2026-07-20 13:40:14 | DEBUG | M03 |   depth= 2  train=0.700  test=0.783
2026-07-20 13:40:14 | DEBUG | M03 |   depth= 3  train=0.736  test=0.667
2026-07-20 13:40:14 | DEBUG | M03 |   depth= 4  train=0.777  test=0.725
2026-07-20 13:40:14 | DEBUG | M03 |   depth= 5  train=0.802  test=0.754
2026-07-20 13:40:14 | DEBUG | M03 |   depth= 6  train=0.821  test=0.710
2026-07-20 13:40:14 | DEBUG | M03 |   depth= 7  train=0.857  test=0.739
2026-07-20 13:40:14 | DEBUG | M03 |   depth= 8  train=0.912  test=0.754
2026-07-20 13:40:14 | DEBUG | M03 |   depth= 9  train=0.949  test=0.754
2026-07-20 13:40:14 | DEBUG | M03 |   depth=10  train=0.960  test=0.710
2026-07-20 13:40:14 | INFO | M03 | ========================
2026-07-20 13:40:14 | INFO | M03 | SUMMARY
2026-07-20 13:40:14 | INFO | M03 | ========================
2026-07-20 13:40:14 | INFO | M03 | Dataset:   penguins
2026-07-20 13:40:14 | INFO | M03 | Target:    island  (classification)
2026-07-20 13:40:14 | INFO | M03 | Features:  ['bill_length_mm', 'bill_depth_mm', 'flipper_length_mm', 'body_mass_g']
2026-07-20 13:40:14 | INFO | M03 | Model:     DecisionTreeClassifier(max_depth=7)
2026-07-20 13:40:14 | INFO | M03 | ========================
2026-07-20 13:41:12 | DEBUG | M03 |   depth= 1  train=0.689  test=0.754
2026-07-20 13:41:12 | DEBUG | M03 |   depth= 2  train=0.700  test=0.783
2026-07-20 13:41:12 | DEBUG | M03 |   depth= 3  train=0.736  test=0.667
2026-07-20 13:41:12 | DEBUG | M03 |   depth= 4  train=0.777  test=0.725
2026-07-20 13:41:12 | DEBUG | M03 |   depth= 5  train=0.802  test=0.754
2026-07-20 13:41:12 | DEBUG | M03 |   depth= 6  train=0.821  test=0.710
2026-07-20 13:41:12 | DEBUG | M03 |   depth= 7  train=0.857  test=0.739
2026-07-20 13:41:12 | DEBUG | M03 |   depth= 8  train=0.912  test=0.754
2026-07-20 13:41:12 | DEBUG | M03 |   depth= 9  train=0.949  test=0.754
2026-07-20 13:41:12 | DEBUG | M03 |   depth=10  train=0.960  test=0.710
2026-07-20 13:41:12 | DEBUG | M03 |   depth=11  train=0.974  test=0.754
2026-07-20 13:41:12 | DEBUG | M03 |   depth=12  train=0.993  test=0.754
2026-07-20 13:44:22 | INFO | M03 | === RUN START ===
2026-07-20 13:44:22 | INFO | M03 | project=M03
2026-07-20 13:44:22 | INFO | M03 | repo_dir=CS44670-Module-3
2026-07-20 13:44:22 | INFO | M03 | python=3.14.6
2026-07-20 13:44:22 | INFO | M03 | os=Windows 11
2026-07-20 13:44:22 | INFO | M03 | shell=powershell
2026-07-20 13:44:22 | INFO | M03 | cwd=notebooks
2026-07-20 13:44:22 | INFO | M03 | github_actions=False
2026-07-20 13:44:22 | INFO | M03 | Confirming installation:
2026-07-20 13:44:22 | INFO | M03 |   python:       3.14.6
2026-07-20 13:44:22 | INFO | M03 |   pandas:       3.0.3
2026-07-20 13:44:22 | INFO | M03 |   numpy:        2.5.1
2026-07-20 13:44:22 | INFO | M03 |   scikit-learn: 1.9.0
2026-07-20 13:44:22 | INFO | M03 |   seaborn:      0.13.2
2026-07-20 13:44:22 | INFO | M03 |   matplotlib:   3.11.0
2026-07-20 13:44:22 | INFO | M03 | Loading dataset: penguins
2026-07-20 13:44:22 | INFO | M03 | Loaded: 344 rows (instances), 7 columns
2026-07-20 13:44:22 | INFO | M03 | Original rows: 344
2026-07-20 13:44:22 | INFO | M03 | Model rows:    342
2026-07-20 13:44:22 | INFO | M03 | Classes in target 'island': ['Biscoe', 'Dream', 'Torgersen']
2026-07-20 13:44:22 | DEBUG | M03 | Class counts:
island
Biscoe       167
Dream        124
Torgersen     51
Name: count, dtype: int64
2026-07-20 13:44:22 | INFO | M03 | Train instances: 273
2026-07-20 13:44:22 | INFO | M03 | Test instances: 69
2026-07-20 13:44:22 | INFO | M03 | Fitting DecisionTreeClassifier(max_depth=4)
2026-07-20 13:44:22 | INFO | M03 | Test accuracy: 0.725
2026-07-20 13:44:22 | INFO | M03 | Per-class precision / recall / F1:
2026-07-20 13:44:22 | DEBUG | M03 | 
              precision    recall  f1-score   support

      Biscoe       0.78      0.91      0.84        34
       Dream       0.73      0.64      0.68        25
   Torgersen       0.43      0.30      0.35        10

    accuracy                           0.72        69
   macro avg       0.64      0.62      0.62        69
weighted avg       0.71      0.72      0.71        69

2026-07-20 13:44:22 | INFO | M03 | Showing confusion matrix (rows = actual, cols = predicted)
2026-07-20 13:44:23 | DEBUG | M03 |   depth= 1  train=0.689  test=0.754
2026-07-20 13:44:23 | DEBUG | M03 |   depth= 2  train=0.700  test=0.783
2026-07-20 13:44:23 | DEBUG | M03 |   depth= 3  train=0.736  test=0.667
2026-07-20 13:44:23 | DEBUG | M03 |   depth= 4  train=0.777  test=0.725
2026-07-20 13:44:23 | DEBUG | M03 |   depth= 5  train=0.802  test=0.754
2026-07-20 13:44:23 | DEBUG | M03 |   depth= 6  train=0.821  test=0.710
2026-07-20 13:44:23 | DEBUG | M03 |   depth= 7  train=0.857  test=0.739
2026-07-20 13:44:23 | DEBUG | M03 |   depth= 8  train=0.912  test=0.754
2026-07-20 13:44:23 | DEBUG | M03 |   depth= 9  train=0.949  test=0.754
2026-07-20 13:44:23 | DEBUG | M03 |   depth=10  train=0.960  test=0.710
2026-07-20 13:44:23 | DEBUG | M03 |   depth=11  train=0.974  test=0.754
2026-07-20 13:44:23 | DEBUG | M03 |   depth=12  train=0.993  test=0.754
2026-07-20 13:44:23 | INFO | M03 | ========================
2026-07-20 13:44:23 | INFO | M03 | SUMMARY
2026-07-20 13:44:23 | INFO | M03 | ========================
2026-07-20 13:44:23 | INFO | M03 | Dataset:   penguins
2026-07-20 13:44:23 | INFO | M03 | Target:    island  (classification)
2026-07-20 13:44:23 | INFO | M03 | Features:  ['bill_length_mm', 'bill_depth_mm', 'flipper_length_mm', 'body_mass_g']
2026-07-20 13:44:23 | INFO | M03 | Model:     DecisionTreeClassifier(max_depth=4)
2026-07-20 13:44:23 | INFO | M03 | ========================
2026-07-20 13:46:10 | INFO | M03 | === RUN START ===
2026-07-20 13:46:10 | INFO | M03 | project=M03
2026-07-20 13:46:10 | INFO | M03 | repo_dir=CS44670-Module-3
2026-07-20 13:46:10 | INFO | M03 | python=3.14.6
2026-07-20 13:46:10 | INFO | M03 | os=Windows 11
2026-07-20 13:46:10 | INFO | M03 | shell=powershell
2026-07-20 13:46:10 | INFO | M03 | cwd=notebooks
2026-07-20 13:46:10 | INFO | M03 | github_actions=False
2026-07-20 13:46:10 | INFO | M03 | Confirming installation:
2026-07-20 13:46:10 | INFO | M03 |   python:       3.14.6
2026-07-20 13:46:10 | INFO | M03 |   pandas:       3.0.3
2026-07-20 13:46:10 | INFO | M03 |   numpy:        2.5.1
2026-07-20 13:46:10 | INFO | M03 |   scikit-learn: 1.9.0
2026-07-20 13:46:10 | INFO | M03 |   seaborn:      0.13.2
2026-07-20 13:46:10 | INFO | M03 |   matplotlib:   3.11.0
2026-07-20 13:46:10 | INFO | M03 | Loading dataset: penguins
2026-07-20 13:46:10 | INFO | M03 | Loaded: 344 rows (instances), 7 columns
2026-07-20 13:46:10 | INFO | M03 | Original rows: 344
2026-07-20 13:46:10 | INFO | M03 | Model rows:    342
2026-07-20 13:46:10 | INFO | M03 | Classes in target 'island': ['Biscoe', 'Dream', 'Torgersen']
2026-07-20 13:46:10 | DEBUG | M03 | Class counts:
island
Biscoe       167
Dream        124
Torgersen     51
Name: count, dtype: int64
2026-07-20 13:46:10 | INFO | M03 | Train instances: 205
2026-07-20 13:46:10 | INFO | M03 | Test instances: 137
2026-07-20 13:46:10 | INFO | M03 | Fitting DecisionTreeClassifier(max_depth=4)
2026-07-20 13:46:10 | INFO | M03 | Test accuracy: 0.745
2026-07-20 13:46:10 | INFO | M03 | Per-class precision / recall / F1:
2026-07-20 13:46:10 | DEBUG | M03 | 
              precision    recall  f1-score   support

      Biscoe       0.95      0.84      0.89        67
       Dream       0.62      0.84      0.71        50
   Torgersen       0.40      0.20      0.27        20

    accuracy                           0.74       137
   macro avg       0.66      0.63      0.62       137
weighted avg       0.75      0.74      0.73       137

2026-07-20 13:46:10 | INFO | M03 | Showing confusion matrix (rows = actual, cols = predicted)
2026-07-20 13:46:10 | DEBUG | M03 |   depth= 1  train=0.693  test=0.715
2026-07-20 13:46:10 | DEBUG | M03 |   depth= 2  train=0.702  test=0.745
2026-07-20 13:46:10 | DEBUG | M03 |   depth= 3  train=0.732  test=0.701
2026-07-20 13:46:10 | DEBUG | M03 |   depth= 4  train=0.766  test=0.745
2026-07-20 13:46:10 | DEBUG | M03 |   depth= 5  train=0.805  test=0.730
2026-07-20 13:46:10 | DEBUG | M03 |   depth= 6  train=0.839  test=0.715
2026-07-20 13:46:10 | DEBUG | M03 |   depth= 7  train=0.873  test=0.730
2026-07-20 13:46:10 | DEBUG | M03 |   depth= 8  train=0.922  test=0.737
2026-07-20 13:46:10 | DEBUG | M03 |   depth= 9  train=0.937  test=0.730
2026-07-20 13:46:10 | DEBUG | M03 |   depth=10  train=0.961  test=0.737
2026-07-20 13:46:10 | DEBUG | M03 |   depth=11  train=0.980  test=0.730
2026-07-20 13:46:10 | DEBUG | M03 |   depth=12  train=0.995  test=0.723
2026-07-20 13:46:10 | INFO | M03 | ========================
2026-07-20 13:46:10 | INFO | M03 | SUMMARY
2026-07-20 13:46:10 | INFO | M03 | ========================
2026-07-20 13:46:10 | INFO | M03 | Dataset:   penguins
2026-07-20 13:46:10 | INFO | M03 | Target:    island  (classification)
2026-07-20 13:46:10 | INFO | M03 | Features:  ['bill_length_mm', 'bill_depth_mm', 'flipper_length_mm', 'body_mass_g']
2026-07-20 13:46:10 | INFO | M03 | Model:     DecisionTreeClassifier(max_depth=4)
2026-07-20 13:46:10 | INFO | M03 | ========================
